{"C:\\Users\\Dheer\\Desktop\\Prompt-Wars-4\\src\\components\\ErrorBoundary.jsx": {"path":"C:\\Users\\Dheer\\Desktop\\Prompt-Wars-4\\src\\components\\ErrorBoundary.jsx","statementMap":{"0":{"start":{"line":31,"column":2},"end":{"line":33,"column":null}},"1":{"start":{"line":17,"column":4},"end":{"line":17,"column":null}},"2":{"start":{"line":18,"column":4},"end":{"line":18,"column":null}},"3":{"start":{"line":22,"column":4},"end":{"line":22,"column":null}},"4":{"start":{"line":26,"column":4},"end":{"line":28,"column":null}},"5":{"start":{"line":27,"column":6},"end":{"line":27,"column":null}},"6":{"start":{"line":32,"column":4},"end":{"line":32,"column":null}},"7":{"start":{"line":36,"column":4},"end":{"line":93,"column":null}},"8":{"start":{"line":37,"column":6},"end":{"line":91,"column":null}},"9":{"start":{"line":76,"column":34},"end":{"line":76,"column":81}},"10":{"start":{"line":77,"column":33},"end":{"line":77,"column":77}},"11":{"start":{"line":78,"column":30},"end":{"line":78,"column":77}},"12":{"start":{"line":79,"column":29},"end":{"line":79,"column":73}},"13":{"start":{"line":95,"column":4},"end":{"line":95,"column":null}},"14":{"start":{"line":99,"column":0},"end":{"line":101,"column":null}}},"fnMap":{"0":{"name":"constructor","decl":{"start":{"line":16,"column":2},"end":{"line":16,"column":14}},"loc":{"start":{"line":16,"column":21},"end":{"line":19,"column":null}},"line":16},"1":{"name":"getDerivedStateFromError","decl":{"start":{"line":21,"column":9},"end":{"line":21,"column":34}},"loc":{"start":{"line":21,"column":41},"end":{"line":23,"column":null}},"line":21},"2":{"name":"componentDidCatch","decl":{"start":{"line":25,"column":2},"end":{"line":25,"column":20}},"loc":{"start":{"line":25,"column":38},"end":{"line":29,"column":null}},"line":25},"3":{"name":"(anonymous_3)","decl":{"start":{"line":31,"column":2},"end":{"line":31,"column":22}},"loc":{"start":{"line":31,"column":22},"end":{"line":33,"column":null}},"line":31},"4":{"name":"render","decl":{"start":{"line":35,"column":2},"end":{"line":35,"column":11}},"loc":{"start":{"line":35,"column":11},"end":{"line":96,"column":null}},"line":35},"5":{"name":"(anonymous_5)","decl":{"start":{"line":76,"column":12},"end":{"line":76,"column":26}},"loc":{"start":{"line":76,"column":32},"end":{"line":76,"column":null}},"line":76},"6":{"name":"(anonymous_6)","decl":{"start":{"line":77,"column":12},"end":{"line":77,"column":25}},"loc":{"start":{"line":77,"column":31},"end":{"line":77,"column":null}},"line":77},"7":{"name":"(anonymous_7)","decl":{"start":{"line":78,"column":12},"end":{"line":78,"column":22}},"loc":{"start":{"line":78,"column":28},"end":{"line":78,"column":null}},"line":78},"8":{"name":"(anonymous_8)","decl":{"start":{"line":79,"column":12},"end":{"line":79,"column":21}},"loc":{"start":{"line":79,"column":27},"end":{"line":79,"column":null}},"line":79}},"branchMap":{"0":{"loc":{"start":{"line":26,"column":4},"end":{"line":28,"column":null}},"type":"if","locations":[{"start":{"line":26,"column":4},"end":{"line":28,"column":null}},{"start":{},"end":{}}],"line":26},"1":{"loc":{"start":{"line":36,"column":4},"end":{"line":93,"column":null}},"type":"if","locations":[{"start":{"line":36,"column":4},"end":{"line":93,"column":null}},{"start":{},"end":{}}],"line":36},"2":{"loc":{"start":{"line":83,"column":36},"end":{"line":89,"column":null}},"type":"binary-expr","locations":[{"start":{"line":83,"column":36},"end":{"line":83,"column":53}},{"start":{"line":83,"column":53},"end":{"line":83,"column":null}},{"start":{"line":84,"column":12},"end":{"line":89,"column":null}}],"line":83}},"s":{"0":1,"1":6,"2":6,"3":4,"4":2,"5":2,"6":1,"7":10,"8":4,"9":1,"10":1,"11":1,"12":1,"13":6,"14":1},"f":{"0":6,"1":5,"2":2,"3":1,"4":10,"5":1,"6":1,"7":1,"8":1},"b":{"0":[2,0],"1":[4,6],"2":[4,0,0]},"meta":{"lastBranch":3,"lastFunction":9,"lastStatement":15,"seen":{"s:31:2:33:Infinity":0,"f:16:2:16:14":0,"s:17:4:17:Infinity":1,"s:18:4:18:Infinity":2,"f:21:9:21:34":1,"s:22:4:22:Infinity":3,"f:25:2:25:20":2,"b:26:4:28:Infinity:undefined:undefined:undefined:undefined":0,"s:26:4:28:Infinity":4,"s:27:6:27:Infinity":5,"f:31:2:31:22":3,"s:32:4:32:Infinity":6,"f:35:2:35:11":4,"b:36:4:93:Infinity:undefined:undefined:undefined:undefined":1,"s:36:4:93:Infinity":7,"s:37:6:91:Infinity":8,"f:76:12:76:26":5,"s:76:34:76:81":9,"f:77:12:77:25":6,"s:77:33:77:77":10,"f:78:12:78:22":7,"s:78:30:78:77":11,"f:79:12:79:21":8,"s:79:29:79:73":12,"b:83:36:83:53:83:53:83:Infinity:84:12:89:Infinity":2,"s:95:4:95:Infinity":13,"s:99:0:101:Infinity":14},"fnNames":{}}}
,"C:\\Users\\Dheer\\Desktop\\Prompt-Wars-4\\src\\components\\Header.jsx": {"path":"C:\\Users\\Dheer\\Desktop\\Prompt-Wars-4\\src\\components\\Header.jsx","statementMap":{"0":{"start":{"line":4,"column":40},"end":{"line":4,"column":null}},"1":{"start":{"line":6,"column":2},"end":{"line":80,"column":null}},"2":{"start":{"line":12,"column":27},"end":{"line":12,"column":null}},"3":{"start":{"line":20,"column":27},"end":{"line":20,"column":null}},"4":{"start":{"line":28,"column":27},"end":{"line":28,"column":null}},"5":{"start":{"line":56,"column":62},"end":{"line":56,"column":81}},"6":{"start":{"line":58,"column":74},"end":{"line":58,"column":93}}},"fnMap":{"0":{"name":"Header","decl":{"start":{"line":3,"column":24},"end":{"line":3,"column":33}},"loc":{"start":{"line":3,"column":33},"end":{"line":82,"column":null}},"line":3},"1":{"name":"(anonymous_1)","decl":{"start":{"line":12,"column":12},"end":{"line":12,"column":27}},"loc":{"start":{"line":12,"column":27},"end":{"line":12,"column":null}},"line":12},"2":{"name":"(anonymous_2)","decl":{"start":{"line":20,"column":12},"end":{"line":20,"column":27}},"loc":{"start":{"line":20,"column":27},"end":{"line":20,"column":null}},"line":20},"3":{"name":"(anonymous_3)","decl":{"start":{"line":28,"column":12},"end":{"line":28,"column":27}},"loc":{"start":{"line":28,"column":27},"end":{"line":28,"column":null}},"line":28},"4":{"name":"(anonymous_4)","decl":{"start":{"line":56,"column":50},"end":{"line":56,"column":57}},"loc":{"start":{"line":56,"column":62},"end":{"line":56,"column":81}},"line":56},"5":{"name":"(anonymous_5)","decl":{"start":{"line":58,"column":62},"end":{"line":58,"column":69}},"loc":{"start":{"line":58,"column":74},"end":{"line":58,"column":93}},"line":58}},"branchMap":{"0":{"loc":{"start":{"line":11,"column":23},"end":{"line":11,"column":null}},"type":"cond-expr","locations":[{"start":{"line":11,"column":46},"end":{"line":11,"column":57}},{"start":{"line":11,"column":57},"end":{"line":11,"column":null}}],"line":11},"1":{"loc":{"start":{"line":13,"column":26},"end":{"line":13,"column":null}},"type":"cond-expr","locations":[{"start":{"line":13,"column":49},"end":{"line":13,"column":58}},{"start":{"line":13,"column":58},"end":{"line":13,"column":null}}],"line":13},"2":{"loc":{"start":{"line":19,"column":23},"end":{"line":19,"column":null}},"type":"cond-expr","locations":[{"start":{"line":19,"column":48},"end":{"line":19,"column":59}},{"start":{"line":19,"column":59},"end":{"line":19,"column":null}}],"line":19},"3":{"loc":{"start":{"line":21,"column":26},"end":{"line":21,"column":null}},"type":"cond-expr","locations":[{"start":{"line":21,"column":51},"end":{"line":21,"column":60}},{"start":{"line":21,"column":60},"end":{"line":21,"column":null}}],"line":21},"4":{"loc":{"start":{"line":27,"column":23},"end":{"line":27,"column":null}},"type":"cond-expr","locations":[{"start":{"line":27,"column":52},"end":{"line":27,"column":63}},{"start":{"line":27,"column":63},"end":{"line":27,"column":null}}],"line":27},"5":{"loc":{"start":{"line":29,"column":26},"end":{"line":29,"column":null}},"type":"cond-expr","locations":[{"start":{"line":29,"column":55},"end":{"line":29,"column":64}},{"start":{"line":29,"column":64},"end":{"line":29,"column":null}}],"line":29},"6":{"loc":{"start":{"line":56,"column":42},"end":{"line":56,"column":101}},"type":"binary-expr","locations":[{"start":{"line":56,"column":42},"end":{"line":56,"column":93}},{"start":{"line":56,"column":93},"end":{"line":56,"column":101}}],"line":56},"7":{"loc":{"start":{"line":58,"column":42},"end":{"line":58,"column":118}},"type":"binary-expr","locations":[{"start":{"line":58,"column":42},"end":{"line":58,"column":110}},{"start":{"line":58,"column":110},"end":{"line":58,"column":118}}],"line":58},"8":{"loc":{"start":{"line":74,"column":11},"end":{"line":75,"column":null}},"type":"binary-expr","locations":[{"start":{"line":74,"column":11},"end":{"line":74,"column":35}},{"start":{"line":74,"column":35},"end":{"line":75,"column":null}}],"line":74}},"s":{"0":2,"1":2,"2":0,"3":1,"4":1,"5":4,"6":4},"f":{"0":2,"1":0,"2":1,"3":1,"4":4,"5":4},"b":{"0":[2,0],"1":[2,0],"2":[0,2],"3":[0,2],"4":[0,2],"5":[0,2],"6":[2,0],"7":[2,2],"8":[2,2]},"meta":{"lastBranch":9,"lastFunction":6,"lastStatement":7,"seen":{"f:3:24:3:33":0,"s:4:40:4:Infinity":0,"s:6:2:80:Infinity":1,"b:11:46:11:57:11:57:11:Infinity":0,"f:12:12:12:27":1,"s:12:27:12:Infinity":2,"b:13:49:13:58:13:58:13:Infinity":1,"b:19:48:19:59:19:59:19:Infinity":2,"f:20:12:20:27":2,"s:20:27:20:Infinity":3,"b:21:51:21:60:21:60:21:Infinity":3,"b:27:52:27:63:27:63:27:Infinity":4,"f:28:12:28:27":3,"s:28:27:28:Infinity":4,"b:29:55:29:64:29:64:29:Infinity":5,"b:56:42:56:93:56:93:56:101":6,"f:56:50:56:57":4,"s:56:62:56:81":5,"b:58:42:58:110:58:110:58:118":7,"f:58:62:58:69":5,"s:58:74:58:93":6,"b:74:11:74:35:74:35:75:Infinity":8},"fnNames":{}}}
,"C:\\Users\\Dheer\\Desktop\\Prompt-Wars-4\\src\\components\\Analytics\\AnalyticsView.jsx": {"path":"C:\\Users\\Dheer\\Desktop\\Prompt-Wars-4\\src\\components\\Analytics\\AnalyticsView.jsx","statementMap":{"0":{"start":{"line":8,"column":13},"end":{"line":13,"column":null}},"1":{"start":{"line":16,"column":20},"end":{"line":16,"column":null}},"2":{"start":{"line":18,"column":2},"end":{"line":48,"column":null}},"3":{"start":{"line":23,"column":10},"end":{"line":33,"column":null}},"4":{"start":{"line":27,"column":27},"end":{"line":27,"column":null}}},"fnMap":{"0":{"name":"AnalyticsView","decl":{"start":{"line":15,"column":24},"end":{"line":15,"column":40}},"loc":{"start":{"line":15,"column":40},"end":{"line":50,"column":null}},"line":15},"1":{"name":"(anonymous_1)","decl":{"start":{"line":22,"column":14},"end":{"line":22,"column":18}},"loc":{"start":{"line":23,"column":10},"end":{"line":33,"column":null}},"line":23},"2":{"name":"(anonymous_2)","decl":{"start":{"line":27,"column":12},"end":{"line":27,"column":27}},"loc":{"start":{"line":27,"column":27},"end":{"line":27,"column":null}},"line":27}},"branchMap":{"0":{"loc":{"start":{"line":26,"column":40},"end":{"line":26,"column":null}},"type":"cond-expr","locations":[{"start":{"line":26,"column":63},"end":{"line":26,"column":74}},{"start":{"line":26,"column":74},"end":{"line":26,"column":null}}],"line":26},"1":{"loc":{"start":{"line":43,"column":9},"end":{"line":43,"column":null}},"type":"binary-expr","locations":[{"start":{"line":43,"column":9},"end":{"line":43,"column":39}},{"start":{"line":43,"column":39},"end":{"line":43,"column":null}}],"line":43},"2":{"loc":{"start":{"line":44,"column":9},"end":{"line":44,"column":null}},"type":"binary-expr","locations":[{"start":{"line":44,"column":9},"end":{"line":44,"column":37}},{"start":{"line":44,"column":37},"end":{"line":44,"column":null}}],"line":44},"3":{"loc":{"start":{"line":45,"column":9},"end":{"line":45,"column":null}},"type":"binary-expr","locations":[{"start":{"line":45,"column":9},"end":{"line":45,"column":40}},{"start":{"line":45,"column":40},"end":{"line":45,"column":null}}],"line":45},"4":{"loc":{"start":{"line":46,"column":9},"end":{"line":46,"column":null}},"type":"binary-expr","locations":[{"start":{"line":46,"column":9},"end":{"line":46,"column":42}},{"start":{"line":46,"column":42},"end":{"line":46,"column":null}}],"line":46}},"s":{"0":1,"1":5,"2":5,"3":20,"4":3},"f":{"0":5,"1":20,"2":3},"b":{"0":[5,15],"1":[5,2],"2":[5,1],"3":[5,1],"4":[5,1]},"meta":{"lastBranch":5,"lastFunction":3,"lastStatement":5,"seen":{"s:8:13:13:Infinity":0,"f:15:24:15:40":0,"s:16:20:16:Infinity":1,"s:18:2:48:Infinity":2,"f:22:14:22:18":1,"s:23:10:33:Infinity":3,"b:26:63:26:74:26:74:26:Infinity":0,"f:27:12:27:27":2,"s:27:27:27:Infinity":4,"b:43:9:43:39:43:39:43:Infinity":1,"b:44:9:44:37:44:37:44:Infinity":2,"b:45:9:45:40:45:40:45:Infinity":3,"b:46:9:46:42:46:42:46:Infinity":4},"fnNames":{}}}
,"C:\\Users\\Dheer\\Desktop\\Prompt-Wars-4\\src\\components\\Fan\\ChatPanel.jsx": {"path":"C:\\Users\\Dheer\\Desktop\\Prompt-Wars-4\\src\\components\\Fan\\ChatPanel.jsx","statementMap":{"0":{"start":{"line":8,"column":22},"end":{"line":14,"column":null}},"1":{"start":{"line":17,"column":78},"end":{"line":17,"column":null}},"2":{"start":{"line":18,"column":16},"end":{"line":18,"column":null}},"3":{"start":{"line":19,"column":20},"end":{"line":19,"column":null}},"4":{"start":{"line":20,"column":24},"end":{"line":20,"column":null}},"5":{"start":{"line":21,"column":8},"end":{"line":21,"column":null}},"6":{"start":{"line":22,"column":8},"end":{"line":22,"column":null}},"7":{"start":{"line":25,"column":2},"end":{"line":27,"column":null}},"8":{"start":{"line":26,"column":4},"end":{"line":26,"column":null}},"9":{"start":{"line":30,"column":2},"end":{"line":54,"column":null}},"10":{"start":{"line":31,"column":4},"end":{"line":31,"column":null}},"11":{"start":{"line":31,"column":23},"end":{"line":31,"column":null}},"12":{"start":{"line":32,"column":21},"end":{"line":32,"column":null}},"13":{"start":{"line":33,"column":4},"end":{"line":52,"column":null}},"14":{"start":{"line":34,"column":26},"end":{"line":34,"column":null}},"15":{"start":{"line":35,"column":12},"end":{"line":38,"column":null}},"16":{"start":{"line":36,"column":22},"end":{"line":36,"column":86}},"17":{"start":{"line":37,"column":19},"end":{"line":37,"column":37}},"18":{"start":{"line":40,"column":6},"end":{"line":51,"column":null}},"19":{"start":{"line":41,"column":26},"end":{"line":49,"column":null}},"20":{"start":{"line":42,"column":10},"end":{"line":47,"column":null}},"21":{"start":{"line":48,"column":10},"end":{"line":48,"column":null}},"22":{"start":{"line":50,"column":8},"end":{"line":50,"column":null}},"23":{"start":{"line":50,"column":21},"end":{"line":50,"column":null}},"24":{"start":{"line":53,"column":4},"end":{"line":53,"column":null}},"25":{"start":{"line":57,"column":8},"end":{"line":57,"column":null}},"26":{"start":{"line":58,"column":2},"end":{"line":70,"column":null}},"27":{"start":{"line":59,"column":4},"end":{"line":69,"column":null}},"28":{"start":{"line":60,"column":6},"end":{"line":60,"column":null}},"29":{"start":{"line":61,"column":6},"end":{"line":68,"column":null}},"30":{"start":{"line":72,"column":22},"end":{"line":149,"column":null}},"31":{"start":{"line":73,"column":4},"end":{"line":73,"column":null}},"32":{"start":{"line":73,"column":35},"end":{"line":73,"column":null}},"33":{"start":{"line":75,"column":20},"end":{"line":82,"column":null}},"34":{"start":{"line":84,"column":4},"end":{"line":84,"column":null}},"35":{"start":{"line":85,"column":4},"end":{"line":85,"column":null}},"36":{"start":{"line":86,"column":4},"end":{"line":86,"column":null}},"37":{"start":{"line":88,"column":4},"end":{"line":148,"column":null}},"38":{"start":{"line":89,"column":22},"end":{"line":89,"column":null}},"39":{"start":{"line":92,"column":6},"end":{"line":97,"column":null}},"40":{"start":{"line":93,"column":8},"end":{"line":93,"column":null}},"41":{"start":{"line":96,"column":8},"end":{"line":96,"column":null}},"42":{"start":{"line":99,"column":29},"end":{"line":99,"column":null}},"43":{"start":{"line":101,"column":6},"end":{"line":110,"column":null}},"44":{"start":{"line":112,"column":20},"end":{"line":121,"column":null}},"45":{"start":{"line":123,"column":6},"end":{"line":123,"column":null}},"46":{"start":{"line":125,"column":6},"end":{"line":127,"column":null}},"47":{"start":{"line":126,"column":8},"end":{"line":126,"column":null}},"48":{"start":{"line":128,"column":6},"end":{"line":137,"column":null}},"49":{"start":{"line":138,"column":6},"end":{"line":145,"column":null}},"50":{"start":{"line":147,"column":6},"end":{"line":147,"column":null}},"51":{"start":{"line":151,"column":8},"end":{"line":156,"column":null}},"52":{"start":{"line":152,"column":4},"end":{"line":155,"column":null}},"53":{"start":{"line":153,"column":6},"end":{"line":153,"column":null}},"54":{"start":{"line":154,"column":6},"end":{"line":154,"column":null}},"55":{"start":{"line":158,"column":8},"end":{"line":161,"column":null}},"56":{"start":{"line":159,"column":14},"end":{"line":159,"column":null}},"57":{"start":{"line":160,"column":4},"end":{"line":160,"column":null}},"58":{"start":{"line":163,"column":2},"end":{"line":273,"column":null}},"59":{"start":{"line":177,"column":30},"end":{"line":177,"column":null}},"60":{"start":{"line":178,"column":10},"end":{"line":185,"column":null}},"61":{"start":{"line":179,"column":12},"end":{"line":183,"column":null}},"62":{"start":{"line":186,"column":10},"end":{"line":205,"column":null}},"63":{"start":{"line":227,"column":10},"end":{"line":236,"column":null}},"64":{"start":{"line":230,"column":27},"end":{"line":230,"column":null}},"65":{"start":{"line":247,"column":29},"end":{"line":247,"column":null}},"66":{"start":{"line":255,"column":27},"end":{"line":255,"column":null}}},"fnMap":{"0":{"name":"ChatPanel","decl":{"start":{"line":16,"column":24},"end":{"line":16,"column":36}},"loc":{"start":{"line":16,"column":36},"end":{"line":275,"column":null}},"line":16},"1":{"name":"(anonymous_1)","decl":{"start":{"line":25,"column":2},"end":{"line":25,"column":18}},"loc":{"start":{"line":25,"column":18},"end":{"line":27,"column":5}},"line":25},"2":{"name":"(anonymous_2)","decl":{"start":{"line":30,"column":2},"end":{"line":30,"column":18}},"loc":{"start":{"line":30,"column":18},"end":{"line":54,"column":5}},"line":30},"3":{"name":"(anonymous_3)","decl":{"start":{"line":36,"column":9},"end":{"line":36,"column":16}},"loc":{"start":{"line":36,"column":22},"end":{"line":36,"column":86}},"line":36},"4":{"name":"(anonymous_4)","decl":{"start":{"line":37,"column":9},"end":{"line":37,"column":13}},"loc":{"start":{"line":37,"column":19},"end":{"line":37,"column":37}},"line":37},"5":{"name":"(anonymous_5)","decl":{"start":{"line":41,"column":26},"end":{"line":41,"column":43}},"loc":{"start":{"line":41,"column":43},"end":{"line":49,"column":11}},"line":41},"6":{"name":"(anonymous_6)","decl":{"start":{"line":50,"column":8},"end":{"line":50,"column":21}},"loc":{"start":{"line":50,"column":21},"end":{"line":50,"column":null}},"line":50},"7":{"name":"(anonymous_7)","decl":{"start":{"line":58,"column":2},"end":{"line":58,"column":18}},"loc":{"start":{"line":58,"column":18},"end":{"line":70,"column":5}},"line":58},"8":{"name":"(anonymous_8)","decl":{"start":{"line":72,"column":22},"end":{"line":72,"column":29}},"loc":{"start":{"line":72,"column":38},"end":{"line":149,"column":null}},"line":72},"9":{"name":"(anonymous_9)","decl":{"start":{"line":151,"column":8},"end":{"line":151,"column":25}},"loc":{"start":{"line":151,"column":31},"end":{"line":156,"column":null}},"line":151},"10":{"name":"(anonymous_10)","decl":{"start":{"line":158,"column":8},"end":{"line":158,"column":22}},"loc":{"start":{"line":158,"column":29},"end":{"line":161,"column":null}},"line":158},"11":{"name":"(anonymous_11)","decl":{"start":{"line":176,"column":21},"end":{"line":176,"column":26}},"loc":{"start":{"line":176,"column":34},"end":{"line":207,"column":9}},"line":176},"12":{"name":"(anonymous_12)","decl":{"start":{"line":226,"column":23},"end":{"line":226,"column":28}},"loc":{"start":{"line":227,"column":10},"end":{"line":236,"column":null}},"line":227},"13":{"name":"(anonymous_13)","decl":{"start":{"line":230,"column":12},"end":{"line":230,"column":27}},"loc":{"start":{"line":230,"column":27},"end":{"line":230,"column":null}},"line":230},"14":{"name":"(anonymous_14)","decl":{"start":{"line":247,"column":12},"end":{"line":247,"column":23}},"loc":{"start":{"line":247,"column":29},"end":{"line":247,"column":null}},"line":247},"15":{"name":"(anonymous_15)","decl":{"start":{"line":255,"column":12},"end":{"line":255,"column":27}},"loc":{"start":{"line":255,"column":27},"end":{"line":255,"column":null}},"line":255}},"branchMap":{"0":{"loc":{"start":{"line":31,"column":4},"end":{"line":31,"column":null}},"type":"if","locations":[{"start":{"line":31,"column":4},"end":{"line":31,"column":null}},{"start":{},"end":{}}],"line":31},"1":{"loc":{"start":{"line":33,"column":4},"end":{"line":52,"column":null}},"type":"if","locations":[{"start":{"line":33,"column":4},"end":{"line":52,"column":null}},{"start":{},"end":{}}],"line":33},"2":{"loc":{"start":{"line":33,"column":8},"end":{"line":33,"column":66}},"type":"binary-expr","locations":[{"start":{"line":33,"column":8},"end":{"line":33,"column":42}},{"start":{"line":33,"column":42},"end":{"line":33,"column":66}}],"line":33},"3":{"loc":{"start":{"line":35,"column":32},"end":{"line":35,"column":59}},"type":"binary-expr","locations":[{"start":{"line":35,"column":32},"end":{"line":35,"column":57}},{"start":{"line":35,"column":57},"end":{"line":35,"column":59}}],"line":35},"4":{"loc":{"start":{"line":36,"column":22},"end":{"line":36,"column":86}},"type":"binary-expr","locations":[{"start":{"line":36,"column":22},"end":{"line":36,"column":56}},{"start":{"line":36,"column":56},"end":{"line":36,"column":86}}],"line":36},"5":{"loc":{"start":{"line":40,"column":6},"end":{"line":51,"column":null}},"type":"if","locations":[{"start":{"line":40,"column":6},"end":{"line":51,"column":null}},{"start":{},"end":{}}],"line":40},"6":{"loc":{"start":{"line":59,"column":4},"end":{"line":69,"column":null}},"type":"if","locations":[{"start":{"line":59,"column":4},"end":{"line":69,"column":null}},{"start":{},"end":{}}],"line":59},"7":{"loc":{"start":{"line":59,"column":8},"end":{"line":59,"column":58}},"type":"binary-expr","locations":[{"start":{"line":59,"column":8},"end":{"line":59,"column":36}},{"start":{"line":59,"column":36},"end":{"line":59,"column":58}}],"line":59},"8":{"loc":{"start":{"line":73,"column":4},"end":{"line":73,"column":null}},"type":"if","locations":[{"start":{"line":73,"column":4},"end":{"line":73,"column":null}},{"start":{},"end":{}}],"line":73},"9":{"loc":{"start":{"line":73,"column":8},"end":{"line":73,"column":35}},"type":"binary-expr","locations":[{"start":{"line":73,"column":8},"end":{"line":73,"column":24}},{"start":{"line":73,"column":24},"end":{"line":73,"column":35}}],"line":73},"10":{"loc":{"start":{"line":81,"column":16},"end":{"line":81,"column":null}},"type":"binary-expr","locations":[{"start":{"line":81,"column":16},"end":{"line":81,"column":47}},{"start":{"line":81,"column":47},"end":{"line":81,"column":null}}],"line":81},"11":{"loc":{"start":{"line":99,"column":29},"end":{"line":99,"column":null}},"type":"cond-expr","locations":[{"start":{"line":99,"column":53},"end":{"line":99,"column":67}},{"start":{"line":99,"column":67},"end":{"line":99,"column":null}}],"line":99},"12":{"loc":{"start":{"line":107,"column":18},"end":{"line":107,"column":null}},"type":"binary-expr","locations":[{"start":{"line":107,"column":18},"end":{"line":107,"column":52}},{"start":{"line":107,"column":52},"end":{"line":107,"column":null}}],"line":107},"13":{"loc":{"start":{"line":125,"column":6},"end":{"line":127,"column":null}},"type":"if","locations":[{"start":{"line":125,"column":6},"end":{"line":127,"column":null}},{"start":{},"end":{}}],"line":125},"14":{"loc":{"start":{"line":134,"column":18},"end":{"line":134,"column":null}},"type":"binary-expr","locations":[{"start":{"line":134,"column":18},"end":{"line":134,"column":49}},{"start":{"line":134,"column":49},"end":{"line":134,"column":null}}],"line":134},"15":{"loc":{"start":{"line":152,"column":4},"end":{"line":155,"column":null}},"type":"if","locations":[{"start":{"line":152,"column":4},"end":{"line":155,"column":null}},{"start":{},"end":{}}],"line":152},"16":{"loc":{"start":{"line":152,"column":8},"end":{"line":152,"column":42}},"type":"binary-expr","locations":[{"start":{"line":152,"column":8},"end":{"line":152,"column":29}},{"start":{"line":152,"column":29},"end":{"line":152,"column":42}}],"line":152},"17":{"loc":{"start":{"line":178,"column":10},"end":{"line":185,"column":null}},"type":"if","locations":[{"start":{"line":178,"column":10},"end":{"line":185,"column":null}},{"start":{},"end":{}}],"line":178},"18":{"loc":{"start":{"line":189,"column":17},"end":{"line":189,"column":null}},"type":"cond-expr","locations":[{"start":{"line":189,"column":39},"end":{"line":189,"column":46}},{"start":{"line":189,"column":46},"end":{"line":189,"column":null}}],"line":189},"19":{"loc":{"start":{"line":195,"column":19},"end":{"line":198,"column":null}},"type":"binary-expr","locations":[{"start":{"line":195,"column":19},"end":{"line":195,"column":33}},{"start":{"line":195,"column":33},"end":{"line":195,"column":null}},{"start":{"line":196,"column":20},"end":{"line":198,"column":null}}],"line":195},"20":{"loc":{"start":{"line":200,"column":19},"end":{"line":201,"column":null}},"type":"binary-expr","locations":[{"start":{"line":200,"column":19},"end":{"line":200,"column":35}},{"start":{"line":200,"column":35},"end":{"line":200,"column":null}},{"start":{"line":201,"column":20},"end":{"line":201,"column":null}}],"line":200},"21":{"loc":{"start":{"line":209,"column":9},"end":{"line":219,"column":null}},"type":"binary-expr","locations":[{"start":{"line":209,"column":9},"end":{"line":209,"column":null}},{"start":{"line":210,"column":10},"end":{"line":219,"column":null}}],"line":209},"22":{"loc":{"start":{"line":256,"column":22},"end":{"line":256,"column":null}},"type":"binary-expr","locations":[{"start":{"line":256,"column":22},"end":{"line":256,"column":39}},{"start":{"line":256,"column":39},"end":{"line":256,"column":null}}],"line":256}},"s":{"0":1,"1":9,"2":9,"3":9,"4":9,"5":9,"6":9,"7":9,"8":8,"9":9,"10":4,"11":0,"12":4,"13":4,"14":0,"15":0,"16":0,"17":0,"18":0,"19":0,"20":0,"21":0,"22":0,"23":0,"24":4,"25":9,"26":9,"27":4,"28":3,"29":3,"30":9,"31":2,"32":0,"33":2,"34":2,"35":2,"36":2,"37":2,"38":2,"39":2,"40":2,"41":1,"42":2,"43":2,"44":2,"45":2,"46":0,"47":0,"48":0,"49":0,"50":2,"51":9,"52":0,"53":0,"54":0,"55":9,"56":1,"57":1,"58":9,"59":1,"60":1,"61":0,"62":1,"63":45,"64":1,"65":1,"66":1},"f":{"0":9,"1":8,"2":4,"3":0,"4":0,"5":0,"6":0,"7":4,"8":2,"9":0,"10":1,"11":1,"12":45,"13":1,"14":1,"15":1},"b":{"0":[0,4],"1":[0,4],"2":[4,0],"3":[0,0],"4":[0,0],"5":[0,0],"6":[3,1],"7":[4,3],"8":[0,2],"9":[2,2],"10":[2,0],"11":[2,0],"12":[2,0],"13":[0,0],"14":[0,0],"15":[0,0],"16":[0,0],"17":[0,1],"18":[0,1],"19":[1,1,1],"20":[1,1,1],"21":[9,2],"22":[9,1]},"meta":{"lastBranch":23,"lastFunction":16,"lastStatement":67,"seen":{"s:8:22:14:Infinity":0,"f:16:24:16:36":0,"s:17:78:17:Infinity":1,"s:18:16:18:Infinity":2,"s:19:20:19:Infinity":3,"s:20:24:20:Infinity":4,"s:21:8:21:Infinity":5,"s:22:8:22:Infinity":6,"s:25:2:27:Infinity":7,"f:25:2:25:18":1,"s:26:4:26:Infinity":8,"s:30:2:54:Infinity":9,"f:30:2:30:18":2,"b:31:4:31:Infinity:undefined:undefined:undefined:undefined":0,"s:31:4:31:Infinity":10,"s:31:23:31:Infinity":11,"s:32:21:32:Infinity":12,"b:33:4:52:Infinity:undefined:undefined:undefined:undefined":1,"s:33:4:52:Infinity":13,"b:33:8:33:42:33:42:33:66":2,"s:34:26:34:Infinity":14,"s:35:12:38:Infinity":15,"b:35:32:35:57:35:57:35:59":3,"f:36:9:36:16":3,"s:36:22:36:86":16,"b:36:22:36:56:36:56:36:86":4,"f:37:9:37:13":4,"s:37:19:37:37":17,"b:40:6:51:Infinity:undefined:undefined:undefined:undefined":5,"s:40:6:51:Infinity":18,"s:41:26:49:Infinity":19,"f:41:26:41:43":5,"s:42:10:47:Infinity":20,"s:48:10:48:Infinity":21,"s:50:8:50:Infinity":22,"f:50:8:50:21":6,"s:50:21:50:Infinity":23,"s:53:4:53:Infinity":24,"s:57:8:57:Infinity":25,"s:58:2:70:Infinity":26,"f:58:2:58:18":7,"b:59:4:69:Infinity:undefined:undefined:undefined:undefined":6,"s:59:4:69:Infinity":27,"b:59:8:59:36:59:36:59:58":7,"s:60:6:60:Infinity":28,"s:61:6:68:Infinity":29,"s:72:22:149:Infinity":30,"f:72:22:72:29":8,"b:73:4:73:Infinity:undefined:undefined:undefined:undefined":8,"s:73:4:73:Infinity":31,"b:73:8:73:24:73:24:73:35":9,"s:73:35:73:Infinity":32,"s:75:20:82:Infinity":33,"b:81:16:81:47:81:47:81:Infinity":10,"s:84:4:84:Infinity":34,"s:85:4:85:Infinity":35,"s:86:4:86:Infinity":36,"s:88:4:148:Infinity":37,"s:89:22:89:Infinity":38,"s:92:6:97:Infinity":39,"s:93:8:93:Infinity":40,"s:96:8:96:Infinity":41,"s:99:29:99:Infinity":42,"b:99:53:99:67:99:67:99:Infinity":11,"s:101:6:110:Infinity":43,"b:107:18:107:52:107:52:107:Infinity":12,"s:112:20:121:Infinity":44,"s:123:6:123:Infinity":45,"b:125:6:127:Infinity:undefined:undefined:undefined:undefined":13,"s:125:6:127:Infinity":46,"s:126:8:126:Infinity":47,"s:128:6:137:Infinity":48,"b:134:18:134:49:134:49:134:Infinity":14,"s:138:6:145:Infinity":49,"s:147:6:147:Infinity":50,"s:151:8:156:Infinity":51,"f:151:8:151:25":9,"b:152:4:155:Infinity:undefined:undefined:undefined:undefined":15,"s:152:4:155:Infinity":52,"b:152:8:152:29:152:29:152:42":16,"s:153:6:153:Infinity":53,"s:154:6:154:Infinity":54,"s:158:8:161:Infinity":55,"f:158:8:158:22":10,"s:159:14:159:Infinity":56,"s:160:4:160:Infinity":57,"s:163:2:273:Infinity":58,"f:176:21:176:26":11,"s:177:30:177:Infinity":59,"b:178:10:185:Infinity:undefined:undefined:undefined:undefined":17,"s:178:10:185:Infinity":60,"s:179:12:183:Infinity":61,"s:186:10:205:Infinity":62,"b:189:39:189:46:189:46:189:Infinity":18,"b:195:19:195:33:195:33:195:Infinity:196:20:198:Infinity":19,"b:200:19:200:35:200:35:200:Infinity:201:20:201:Infinity":20,"b:209:9:209:Infinity:210:10:219:Infinity":21,"f:226:23:226:28":12,"s:227:10:236:Infinity":63,"f:230:12:230:27":13,"s:230:27:230:Infinity":64,"f:247:12:247:23":14,"s:247:29:247:Infinity":65,"f:255:12:255:27":15,"s:255:27:255:Infinity":66,"b:256:22:256:39:256:39:256:Infinity":22},"fnNames":{}}}
,"C:\\Users\\Dheer\\Desktop\\Prompt-Wars-4\\src\\components\\Fan\\FanView.jsx": {"path":"C:\\Users\\Dheer\\Desktop\\Prompt-Wars-4\\src\\components\\Fan\\FanView.jsx","statementMap":{"0":{"start":{"line":8,"column":17},"end":{"line":13,"column":null}},"1":{"start":{"line":16,"column":20},"end":{"line":16,"column":null}},"2":{"start":{"line":18,"column":2},"end":{"line":65,"column":null}},"3":{"start":{"line":23,"column":10},"end":{"line":33,"column":null}},"4":{"start":{"line":27,"column":27},"end":{"line":27,"column":null}}},"fnMap":{"0":{"name":"FanView","decl":{"start":{"line":15,"column":24},"end":{"line":15,"column":34}},"loc":{"start":{"line":15,"column":34},"end":{"line":67,"column":null}},"line":15},"1":{"name":"(anonymous_1)","decl":{"start":{"line":22,"column":18},"end":{"line":22,"column":22}},"loc":{"start":{"line":23,"column":10},"end":{"line":33,"column":null}},"line":23},"2":{"name":"(anonymous_2)","decl":{"start":{"line":27,"column":12},"end":{"line":27,"column":27}},"loc":{"start":{"line":27,"column":27},"end":{"line":27,"column":null}},"line":27}},"branchMap":{"0":{"loc":{"start":{"line":26,"column":38},"end":{"line":26,"column":null}},"type":"cond-expr","locations":[{"start":{"line":26,"column":61},"end":{"line":26,"column":72}},{"start":{"line":26,"column":72},"end":{"line":26,"column":null}}],"line":26},"1":{"loc":{"start":{"line":43,"column":9},"end":{"line":47,"column":null}},"type":"binary-expr","locations":[{"start":{"line":43,"column":9},"end":{"line":43,"column":null}},{"start":{"line":44,"column":10},"end":{"line":47,"column":null}}],"line":43},"2":{"loc":{"start":{"line":49,"column":9},"end":{"line":52,"column":null}},"type":"binary-expr","locations":[{"start":{"line":49,"column":9},"end":{"line":49,"column":null}},{"start":{"line":50,"column":10},"end":{"line":52,"column":null}}],"line":49},"3":{"loc":{"start":{"line":54,"column":9},"end":{"line":57,"column":null}},"type":"binary-expr","locations":[{"start":{"line":54,"column":9},"end":{"line":54,"column":null}},{"start":{"line":55,"column":10},"end":{"line":57,"column":null}}],"line":54},"4":{"loc":{"start":{"line":59,"column":9},"end":{"line":62,"column":null}},"type":"binary-expr","locations":[{"start":{"line":59,"column":9},"end":{"line":59,"column":null}},{"start":{"line":60,"column":10},"end":{"line":62,"column":null}}],"line":59}},"s":{"0":1,"1":5,"2":5,"3":20,"4":3},"f":{"0":5,"1":20,"2":3},"b":{"0":[5,15],"1":[5,2],"2":[5,1],"3":[5,1],"4":[5,1]},"meta":{"lastBranch":5,"lastFunction":3,"lastStatement":5,"seen":{"s:8:17:13:Infinity":0,"f:15:24:15:34":0,"s:16:20:16:Infinity":1,"s:18:2:65:Infinity":2,"f:22:18:22:22":1,"s:23:10:33:Infinity":3,"b:26:61:26:72:26:72:26:Infinity":0,"f:27:12:27:27":2,"s:27:27:27:Infinity":4,"b:43:9:43:Infinity:44:10:47:Infinity":1,"b:49:9:49:Infinity:50:10:52:Infinity":2,"b:54:9:54:Infinity:55:10:57:Infinity":3,"b:59:9:59:Infinity:60:10:62:Infinity":4},"fnNames":{}}}
,"C:\\Users\\Dheer\\Desktop\\Prompt-Wars-4\\src\\components\\Fan\\StadiumMap.jsx": {"path":"C:\\Users\\Dheer\\Desktop\\Prompt-Wars-4\\src\\components\\Fan\\StadiumMap.jsx","statementMap":{"0":{"start":{"line":4,"column":19},"end":{"line":174,"column":null}},"1":{"start":{"line":5,"column":39},"end":{"line":5,"column":null}},"2":{"start":{"line":7,"column":8},"end":{"line":16,"column":null}},"3":{"start":{"line":8,"column":17},"end":{"line":8,"column":null}},"4":{"start":{"line":9,"column":4},"end":{"line":9,"column":null}},"5":{"start":{"line":9,"column":15},"end":{"line":9,"column":null}},"6":{"start":{"line":10,"column":4},"end":{"line":15,"column":null}},"7":{"start":{"line":11,"column":23},"end":{"line":11,"column":null}},"8":{"start":{"line":12,"column":19},"end":{"line":12,"column":null}},"9":{"start":{"line":13,"column":18},"end":{"line":13,"column":null}},"10":{"start":{"line":14,"column":15},"end":{"line":14,"column":null}},"11":{"start":{"line":18,"column":8},"end":{"line":27,"column":null}},"12":{"start":{"line":19,"column":17},"end":{"line":19,"column":null}},"13":{"start":{"line":20,"column":4},"end":{"line":20,"column":null}},"14":{"start":{"line":20,"column":15},"end":{"line":20,"column":null}},"15":{"start":{"line":21,"column":4},"end":{"line":26,"column":null}},"16":{"start":{"line":22,"column":23},"end":{"line":22,"column":null}},"17":{"start":{"line":23,"column":19},"end":{"line":23,"column":null}},"18":{"start":{"line":24,"column":18},"end":{"line":24,"column":null}},"19":{"start":{"line":25,"column":15},"end":{"line":25,"column":null}},"20":{"start":{"line":30,"column":24},"end":{"line":40,"column":null}},"21":{"start":{"line":42,"column":2},"end":{"line":172,"column":null}},"22":{"start":{"line":76,"column":27},"end":{"line":76,"column":null}},"23":{"start":{"line":77,"column":23},"end":{"line":77,"column":null}},"24":{"start":{"line":78,"column":29},"end":{"line":78,"column":null}},"25":{"start":{"line":80,"column":10},"end":{"line":168,"column":null}},"26":{"start":{"line":84,"column":29},"end":{"line":84,"column":null}},"27":{"start":{"line":85,"column":34},"end":{"line":85,"column":122}},"28":{"start":{"line":85,"column":76},"end":{"line":85,"column":96}},"29":{"start":{"line":85,"column":96},"end":{"line":85,"column":120}}},"fnMap":{"0":{"name":"StadiumMap","decl":{"start":{"line":4,"column":39},"end":{"line":4,"column":52}},"loc":{"start":{"line":4,"column":52},"end":{"line":174,"column":1}},"line":4},"1":{"name":"(anonymous_1)","decl":{"start":{"line":7,"column":8},"end":{"line":7,"column":24}},"loc":{"start":{"line":7,"column":35},"end":{"line":16,"column":null}},"line":7},"2":{"name":"(anonymous_2)","decl":{"start":{"line":18,"column":8},"end":{"line":18,"column":25}},"loc":{"start":{"line":18,"column":36},"end":{"line":27,"column":null}},"line":18},"3":{"name":"(anonymous_3)","decl":{"start":{"line":75,"column":23},"end":{"line":75,"column":28}},"loc":{"start":{"line":75,"column":36},"end":{"line":170,"column":9}},"line":75},"4":{"name":"(anonymous_4)","decl":{"start":{"line":84,"column":14},"end":{"line":84,"column":29}},"loc":{"start":{"line":84,"column":29},"end":{"line":84,"column":null}},"line":84},"5":{"name":"(anonymous_5)","decl":{"start":{"line":85,"column":14},"end":{"line":85,"column":26}},"loc":{"start":{"line":85,"column":32},"end":{"line":85,"column":null}},"line":85}},"branchMap":{"0":{"loc":{"start":{"line":9,"column":4},"end":{"line":9,"column":null}},"type":"if","locations":[{"start":{"line":9,"column":4},"end":{"line":9,"column":null}},{"start":{},"end":{}}],"line":9},"1":{"loc":{"start":{"line":10,"column":4},"end":{"line":15,"column":null}},"type":"switch","locations":[{"start":{"line":11,"column":6},"end":{"line":11,"column":null}},{"start":{"line":12,"column":6},"end":{"line":12,"column":null}},{"start":{"line":13,"column":6},"end":{"line":13,"column":null}},{"start":{"line":14,"column":6},"end":{"line":14,"column":null}}],"line":10},"2":{"loc":{"start":{"line":20,"column":4},"end":{"line":20,"column":null}},"type":"if","locations":[{"start":{"line":20,"column":4},"end":{"line":20,"column":null}},{"start":{},"end":{}}],"line":20},"3":{"loc":{"start":{"line":21,"column":4},"end":{"line":26,"column":null}},"type":"switch","locations":[{"start":{"line":22,"column":6},"end":{"line":22,"column":null}},{"start":{"line":23,"column":6},"end":{"line":23,"column":null}},{"start":{"line":24,"column":6},"end":{"line":24,"column":null}},{"start":{"line":25,"column":6},"end":{"line":25,"column":null}}],"line":21},"4":{"loc":{"start":{"line":78,"column":29},"end":{"line":78,"column":null}},"type":"binary-expr","locations":[{"start":{"line":78,"column":29},"end":{"line":78,"column":44}},{"start":{"line":78,"column":44},"end":{"line":78,"column":null}}],"line":78},"5":{"loc":{"start":{"line":83,"column":37},"end":{"line":83,"column":null}},"type":"cond-expr","locations":[{"start":{"line":83,"column":48},"end":{"line":83,"column":59}},{"start":{"line":83,"column":59},"end":{"line":83,"column":null}}],"line":83},"6":{"loc":{"start":{"line":85,"column":34},"end":{"line":85,"column":122}},"type":"if","locations":[{"start":{"line":85,"column":34},"end":{"line":85,"column":122}},{"start":{},"end":{}}],"line":85},"7":{"loc":{"start":{"line":85,"column":38},"end":{"line":85,"column":74}},"type":"binary-expr","locations":[{"start":{"line":85,"column":38},"end":{"line":85,"column":59}},{"start":{"line":85,"column":59},"end":{"line":85,"column":74}}],"line":85},"8":{"loc":{"start":{"line":89,"column":44},"end":{"line":89,"column":61}},"type":"binary-expr","locations":[{"start":{"line":89,"column":44},"end":{"line":89,"column":59}},{"start":{"line":89,"column":59},"end":{"line":89,"column":61}}],"line":89},"9":{"loc":{"start":{"line":89,"column":97},"end":{"line":89,"column":null}},"type":"cond-expr","locations":[{"start":{"line":89,"column":108},"end":{"line":89,"column":136}},{"start":{"line":89,"column":136},"end":{"line":89,"column":null}}],"line":89},"10":{"loc":{"start":{"line":100,"column":24},"end":{"line":100,"column":null}},"type":"cond-expr","locations":[{"start":{"line":100,"column":35},"end":{"line":100,"column":47}},{"start":{"line":100,"column":47},"end":{"line":100,"column":null}}],"line":100},"11":{"loc":{"start":{"line":101,"column":29},"end":{"line":101,"column":null}},"type":"cond-expr","locations":[{"start":{"line":101,"column":40},"end":{"line":101,"column":46}},{"start":{"line":101,"column":46},"end":{"line":101,"column":null}}],"line":101},"12":{"loc":{"start":{"line":102,"column":24},"end":{"line":102,"column":null}},"type":"cond-expr","locations":[{"start":{"line":102,"column":35},"end":{"line":102,"column":50}},{"start":{"line":102,"column":50},"end":{"line":102,"column":null}}],"line":102},"13":{"loc":{"start":{"line":125,"column":17},"end":{"line":125,"column":null}},"type":"binary-expr","locations":[{"start":{"line":125,"column":17},"end":{"line":125,"column":32}},{"start":{"line":125,"column":32},"end":{"line":125,"column":null}}],"line":125},"14":{"loc":{"start":{"line":129,"column":15},"end":{"line":150,"column":null}},"type":"binary-expr","locations":[{"start":{"line":129,"column":15},"end":{"line":129,"column":null}},{"start":{"line":130,"column":16},"end":{"line":150,"column":null}}],"line":129},"15":{"loc":{"start":{"line":159,"column":18},"end":{"line":161,"column":null}},"type":"cond-expr","locations":[{"start":{"line":159,"column":47},"end":{"line":159,"column":null}},{"start":{"line":160,"column":18},"end":{"line":161,"column":null}}],"line":159},"16":{"loc":{"start":{"line":160,"column":18},"end":{"line":161,"column":null}},"type":"cond-expr","locations":[{"start":{"line":160,"column":43},"end":{"line":160,"column":null}},{"start":{"line":161,"column":18},"end":{"line":161,"column":null}}],"line":160},"17":{"loc":{"start":{"line":161,"column":18},"end":{"line":161,"column":null}},"type":"cond-expr","locations":[{"start":{"line":161,"column":42},"end":{"line":161,"column":54}},{"start":{"line":161,"column":54},"end":{"line":161,"column":null}}],"line":161},"18":{"loc":{"start":{"line":164,"column":17},"end":{"line":165,"column":null}},"type":"binary-expr","locations":[{"start":{"line":164,"column":17},"end":{"line":164,"column":null}},{"start":{"line":165,"column":18},"end":{"line":165,"column":null}}],"line":164}},"s":{"0":1,"1":5,"2":5,"3":45,"4":45,"5":39,"6":6,"7":1,"8":1,"9":3,"10":1,"11":5,"12":40,"13":40,"14":37,"15":3,"16":1,"17":1,"18":1,"19":0,"20":5,"21":5,"22":45,"23":45,"24":45,"25":45,"26":1,"27":2,"28":2,"29":2},"f":{"0":5,"1":45,"2":40,"3":45,"4":1,"5":2},"b":{"0":[39,6],"1":[1,1,3,1],"2":[37,3],"3":[1,1,1,0],"4":[45,39],"5":[5,40],"6":[2,0],"7":[2,1],"8":[45,39],"9":[5,40],"10":[5,40],"11":[5,40],"12":[5,40],"13":[45,39],"14":[45,5],"15":[1,44],"16":[1,43],"17":[3,40],"18":[45,1]},"meta":{"lastBranch":19,"lastFunction":6,"lastStatement":30,"seen":{"s:4:19:174:Infinity":0,"f:4:39:4:52":0,"s:5:39:5:Infinity":1,"s:7:8:16:Infinity":2,"f:7:8:7:24":1,"s:8:17:8:Infinity":3,"b:9:4:9:Infinity:undefined:undefined:undefined:undefined":0,"s:9:4:9:Infinity":4,"s:9:15:9:Infinity":5,"b:11:6:11:Infinity:12:6:12:Infinity:13:6:13:Infinity:14:6:14:Infinity":1,"s:10:4:15:Infinity":6,"s:11:23:11:Infinity":7,"s:12:19:12:Infinity":8,"s:13:18:13:Infinity":9,"s:14:15:14:Infinity":10,"s:18:8:27:Infinity":11,"f:18:8:18:25":2,"s:19:17:19:Infinity":12,"b:20:4:20:Infinity:undefined:undefined:undefined:undefined":2,"s:20:4:20:Infinity":13,"s:20:15:20:Infinity":14,"b:22:6:22:Infinity:23:6:23:Infinity:24:6:24:Infinity:25:6:25:Infinity":3,"s:21:4:26:Infinity":15,"s:22:23:22:Infinity":16,"s:23:19:23:Infinity":17,"s:24:18:24:Infinity":18,"s:25:15:25:Infinity":19,"s:30:24:40:Infinity":20,"s:42:2:172:Infinity":21,"f:75:23:75:28":3,"s:76:27:76:Infinity":22,"s:77:23:77:Infinity":23,"s:78:29:78:Infinity":24,"b:78:29:78:44:78:44:78:Infinity":4,"s:80:10:168:Infinity":25,"b:83:48:83:59:83:59:83:Infinity":5,"f:84:14:84:29":4,"s:84:29:84:Infinity":26,"f:85:14:85:26":5,"b:85:34:85:122:undefined:undefined:undefined:undefined":6,"s:85:34:85:122":27,"b:85:38:85:59:85:59:85:74":7,"s:85:76:85:96":28,"s:85:96:85:120":29,"b:89:44:89:59:89:59:89:61":8,"b:89:108:89:136:89:136:89:Infinity":9,"b:100:35:100:47:100:47:100:Infinity":10,"b:101:40:101:46:101:46:101:Infinity":11,"b:102:35:102:50:102:50:102:Infinity":12,"b:125:17:125:32:125:32:125:Infinity":13,"b:129:15:129:Infinity:130:16:150:Infinity":14,"b:159:47:159:Infinity:160:18:161:Infinity":15,"b:160:43:160:Infinity:161:18:161:Infinity":16,"b:161:42:161:54:161:54:161:Infinity":17,"b:164:17:164:Infinity:165:18:165:Infinity":18},"fnNames":{}}}
,"C:\\Users\\Dheer\\Desktop\\Prompt-Wars-4\\src\\components\\Shared\\StadiumBowlHeatmap.jsx": {"path":"C:\\Users\\Dheer\\Desktop\\Prompt-Wars-4\\src\\components\\Shared\\StadiumBowlHeatmap.jsx","statementMap":{"0":{"start":{"line":5,"column":23},"end":{"line":10,"column":null}},"1":{"start":{"line":12,"column":6},"end":{"line":19,"column":null}},"2":{"start":{"line":13,"column":2},"end":{"line":13,"column":null}},"3":{"start":{"line":13,"column":21},"end":{"line":13,"column":null}},"4":{"start":{"line":14,"column":2},"end":{"line":14,"column":null}},"5":{"start":{"line":14,"column":21},"end":{"line":14,"column":null}},"6":{"start":{"line":15,"column":2},"end":{"line":15,"column":null}},"7":{"start":{"line":15,"column":21},"end":{"line":15,"column":null}},"8":{"start":{"line":16,"column":2},"end":{"line":16,"column":null}},"9":{"start":{"line":16,"column":21},"end":{"line":16,"column":null}},"10":{"start":{"line":17,"column":2},"end":{"line":17,"column":null}},"11":{"start":{"line":17,"column":21},"end":{"line":17,"column":null}},"12":{"start":{"line":18,"column":2},"end":{"line":18,"column":null}},"13":{"start":{"line":21,"column":6},"end":{"line":25,"column":null}},"14":{"start":{"line":22,"column":12},"end":{"line":22,"column":null}},"15":{"start":{"line":23,"column":2},"end":{"line":23,"column":null}},"16":{"start":{"line":23,"column":10},"end":{"line":23,"column":null}},"17":{"start":{"line":24,"column":2},"end":{"line":24,"column":null}},"18":{"start":{"line":29,"column":13},"end":{"line":29,"column":18}},"19":{"start":{"line":29,"column":23},"end":{"line":29,"column":null}},"20":{"start":{"line":30,"column":8},"end":{"line":30,"column":null}},"21":{"start":{"line":33,"column":2},"end":{"line":35,"column":null}},"22":{"start":{"line":33,"column":26},"end":{"line":33,"column":36}},"23":{"start":{"line":33,"column":36},"end":{"line":33,"column":45}},"24":{"start":{"line":33,"column":45},"end":{"line":33,"column":53}},"25":{"start":{"line":33,"column":53},"end":{"line":33,"column":61}},"26":{"start":{"line":34,"column":7},"end":{"line":35,"column":null}},"27":{"start":{"line":34,"column":31},"end":{"line":34,"column":41}},"28":{"start":{"line":34,"column":41},"end":{"line":34,"column":51}},"29":{"start":{"line":34,"column":51},"end":{"line":34,"column":59}},"30":{"start":{"line":34,"column":59},"end":{"line":34,"column":67}},"31":{"start":{"line":35,"column":9},"end":{"line":35,"column":19}},"32":{"start":{"line":35,"column":19},"end":{"line":35,"column":28}},"33":{"start":{"line":35,"column":28},"end":{"line":35,"column":36}},"34":{"start":{"line":35,"column":36},"end":{"line":35,"column":44}},"35":{"start":{"line":37,"column":12},"end":{"line":37,"column":null}},"36":{"start":{"line":38,"column":12},"end":{"line":38,"column":null}},"37":{"start":{"line":40,"column":2},"end":{"line":40,"column":null}},"38":{"start":{"line":44,"column":25},"end":{"line":44,"column":null}},"39":{"start":{"line":45,"column":8},"end":{"line":45,"column":null}},"40":{"start":{"line":47,"column":8},"end":{"line":61,"column":null}},"41":{"start":{"line":48,"column":17},"end":{"line":48,"column":null}},"42":{"start":{"line":49,"column":4},"end":{"line":60,"column":null}},"43":{"start":{"line":50,"column":19},"end":{"line":50,"column":null}},"44":{"start":{"line":52,"column":20},"end":{"line":52,"column":null}},"45":{"start":{"line":53,"column":8},"end":{"line":53,"column":null}},"46":{"start":{"line":53,"column":23},"end":{"line":53,"column":null}},"47":{"start":{"line":54,"column":8},"end":{"line":54,"column":null}},"48":{"start":{"line":54,"column":23},"end":{"line":54,"column":null}},"49":{"start":{"line":55,"column":8},"end":{"line":55,"column":null}},"50":{"start":{"line":55,"column":23},"end":{"line":55,"column":null}},"51":{"start":{"line":56,"column":8},"end":{"line":56,"column":null}},"52":{"start":{"line":58,"column":20},"end":{"line":58,"column":null}},"53":{"start":{"line":59,"column":15},"end":{"line":59,"column":null}},"54":{"start":{"line":63,"column":8},"end":{"line":71,"column":null}},"55":{"start":{"line":64,"column":17},"end":{"line":64,"column":null}},"56":{"start":{"line":65,"column":4},"end":{"line":70,"column":null}},"57":{"start":{"line":66,"column":19},"end":{"line":66,"column":null}},"58":{"start":{"line":67,"column":22},"end":{"line":67,"column":null}},"59":{"start":{"line":68,"column":20},"end":{"line":68,"column":null}},"60":{"start":{"line":69,"column":15},"end":{"line":69,"column":null}},"61":{"start":{"line":73,"column":20},"end":{"line":78,"column":null}},"62":{"start":{"line":80,"column":2},"end":{"line":214,"column":null}},"63":{"start":{"line":112,"column":24},"end":{"line":112,"column":null}},"64":{"start":{"line":113,"column":26},"end":{"line":113,"column":null}},"65":{"start":{"line":114,"column":30},"end":{"line":114,"column":null}},"66":{"start":{"line":115,"column":32},"end":{"line":115,"column":null}},"67":{"start":{"line":117,"column":12},"end":{"line":145,"column":null}},"68":{"start":{"line":120,"column":36},"end":{"line":120,"column":null}},"69":{"start":{"line":121,"column":36},"end":{"line":121,"column":null}},"70":{"start":{"line":122,"column":31},"end":{"line":122,"column":null}},"71":{"start":{"line":163,"column":22},"end":{"line":163,"column":null}},"72":{"start":{"line":163,"column":41},"end":{"line":163,"column":64}},"73":{"start":{"line":164,"column":23},"end":{"line":164,"column":null}},"74":{"start":{"line":165,"column":10},"end":{"line":165,"column":null}},"75":{"start":{"line":165,"column":29},"end":{"line":165,"column":null}},"76":{"start":{"line":166,"column":10},"end":{"line":182,"column":null}},"77":{"start":{"line":179,"column":41},"end":{"line":179,"column":96}},"78":{"start":{"line":190,"column":10},"end":{"line":193,"column":null}},"79":{"start":{"line":196,"column":10},"end":{"line":199,"column":null}},"80":{"start":{"line":202,"column":10},"end":{"line":205,"column":null}},"81":{"start":{"line":208,"column":10},"end":{"line":211,"column":null}}},"fnMap":{"0":{"name":"(anonymous_0)","decl":{"start":{"line":12,"column":6},"end":{"line":12,"column":21}},"loc":{"start":{"line":12,"column":32},"end":{"line":19,"column":null}},"line":12},"1":{"name":"(anonymous_1)","decl":{"start":{"line":21,"column":6},"end":{"line":21,"column":22}},"loc":{"start":{"line":21,"column":31},"end":{"line":25,"column":null}},"line":21},"2":{"name":"getSectionPath","decl":{"start":{"line":28,"column":9},"end":{"line":28,"column":24}},"loc":{"start":{"line":28,"column":45},"end":{"line":41,"column":null}},"line":28},"3":{"name":"StadiumBowlHeatmap","decl":{"start":{"line":43,"column":24},"end":{"line":43,"column":43}},"loc":{"start":{"line":43,"column":99},"end":{"line":216,"column":null}},"line":43},"4":{"name":"(anonymous_4)","decl":{"start":{"line":47,"column":8},"end":{"line":47,"column":20}},"loc":{"start":{"line":47,"column":32},"end":{"line":61,"column":null}},"line":47},"5":{"name":"(anonymous_5)","decl":{"start":{"line":63,"column":8},"end":{"line":63,"column":24}},"loc":{"start":{"line":63,"column":36},"end":{"line":71,"column":null}},"line":63},"6":{"name":"(anonymous_6)","decl":{"start":{"line":111,"column":20},"end":{"line":111,"column":25}},"loc":{"start":{"line":111,"column":37},"end":{"line":147,"column":11}},"line":111},"7":{"name":"(anonymous_7)","decl":{"start":{"line":120,"column":16},"end":{"line":120,"column":36}},"loc":{"start":{"line":120,"column":36},"end":{"line":120,"column":null}},"line":120},"8":{"name":"(anonymous_8)","decl":{"start":{"line":121,"column":16},"end":{"line":121,"column":36}},"loc":{"start":{"line":121,"column":36},"end":{"line":121,"column":null}},"line":121},"9":{"name":"(anonymous_9)","decl":{"start":{"line":122,"column":16},"end":{"line":122,"column":31}},"loc":{"start":{"line":122,"column":31},"end":{"line":122,"column":null}},"line":122},"10":{"name":"(anonymous_10)","decl":{"start":{"line":162,"column":9},"end":{"line":162,"column":34}},"loc":{"start":{"line":162,"column":34},"end":{"line":184,"column":9}},"line":162},"11":{"name":"(anonymous_11)","decl":{"start":{"line":163,"column":31},"end":{"line":163,"column":36}},"loc":{"start":{"line":163,"column":41},"end":{"line":163,"column":64}},"line":163},"12":{"name":"(anonymous_12)","decl":{"start":{"line":179,"column":32},"end":{"line":179,"column":36}},"loc":{"start":{"line":179,"column":41},"end":{"line":179,"column":96}},"line":179},"13":{"name":"(anonymous_13)","decl":{"start":{"line":189,"column":69},"end":{"line":189,"column":73}},"loc":{"start":{"line":190,"column":10},"end":{"line":193,"column":null}},"line":190},"14":{"name":"(anonymous_14)","decl":{"start":{"line":195,"column":109},"end":{"line":195,"column":114}},"loc":{"start":{"line":196,"column":10},"end":{"line":199,"column":null}},"line":196},"15":{"name":"(anonymous_15)","decl":{"start":{"line":201,"column":95},"end":{"line":201,"column":100}},"loc":{"start":{"line":202,"column":10},"end":{"line":205,"column":null}},"line":202},"16":{"name":"(anonymous_16)","decl":{"start":{"line":207,"column":57},"end":{"line":207,"column":62}},"loc":{"start":{"line":208,"column":10},"end":{"line":211,"column":null}},"line":208}},"branchMap":{"0":{"loc":{"start":{"line":13,"column":2},"end":{"line":13,"column":null}},"type":"if","locations":[{"start":{"line":13,"column":2},"end":{"line":13,"column":null}},{"start":{},"end":{}}],"line":13},"1":{"loc":{"start":{"line":14,"column":2},"end":{"line":14,"column":null}},"type":"if","locations":[{"start":{"line":14,"column":2},"end":{"line":14,"column":null}},{"start":{},"end":{}}],"line":14},"2":{"loc":{"start":{"line":15,"column":2},"end":{"line":15,"column":null}},"type":"if","locations":[{"start":{"line":15,"column":2},"end":{"line":15,"column":null}},{"start":{},"end":{}}],"line":15},"3":{"loc":{"start":{"line":16,"column":2},"end":{"line":16,"column":null}},"type":"if","locations":[{"start":{"line":16,"column":2},"end":{"line":16,"column":null}},{"start":{},"end":{}}],"line":16},"4":{"loc":{"start":{"line":17,"column":2},"end":{"line":17,"column":null}},"type":"if","locations":[{"start":{"line":17,"column":2},"end":{"line":17,"column":null}},{"start":{},"end":{}}],"line":17},"5":{"loc":{"start":{"line":23,"column":2},"end":{"line":23,"column":null}},"type":"if","locations":[{"start":{"line":23,"column":2},"end":{"line":23,"column":null}},{"start":{},"end":{}}],"line":23},"6":{"loc":{"start":{"line":33,"column":2},"end":{"line":35,"column":null}},"type":"if","locations":[{"start":{"line":33,"column":2},"end":{"line":35,"column":null}},{"start":{"line":34,"column":7},"end":{"line":35,"column":null}}],"line":33},"7":{"loc":{"start":{"line":34,"column":7},"end":{"line":35,"column":null}},"type":"if","locations":[{"start":{"line":34,"column":7},"end":{"line":35,"column":null}},{"start":{"line":35,"column":7},"end":{"line":35,"column":null}}],"line":34},"8":{"loc":{"start":{"line":43,"column":45},"end":{"line":43,"column":63}},"type":"default-arg","locations":[{"start":{"line":43,"column":52},"end":{"line":43,"column":63}}],"line":43},"9":{"loc":{"start":{"line":49,"column":4},"end":{"line":60,"column":null}},"type":"switch","locations":[{"start":{"line":50,"column":6},"end":{"line":50,"column":null}},{"start":{"line":51,"column":6},"end":{"line":57,"column":null}},{"start":{"line":58,"column":6},"end":{"line":58,"column":null}},{"start":{"line":59,"column":6},"end":{"line":59,"column":null}}],"line":49},"10":{"loc":{"start":{"line":52,"column":20},"end":{"line":52,"column":null}},"type":"binary-expr","locations":[{"start":{"line":52,"column":20},"end":{"line":52,"column":39}},{"start":{"line":52,"column":39},"end":{"line":52,"column":null}}],"line":52},"11":{"loc":{"start":{"line":53,"column":8},"end":{"line":53,"column":null}},"type":"if","locations":[{"start":{"line":53,"column":8},"end":{"line":53,"column":null}},{"start":{},"end":{}}],"line":53},"12":{"loc":{"start":{"line":54,"column":8},"end":{"line":54,"column":null}},"type":"if","locations":[{"start":{"line":54,"column":8},"end":{"line":54,"column":null}},{"start":{},"end":{}}],"line":54},"13":{"loc":{"start":{"line":55,"column":8},"end":{"line":55,"column":null}},"type":"if","locations":[{"start":{"line":55,"column":8},"end":{"line":55,"column":null}},{"start":{},"end":{}}],"line":55},"14":{"loc":{"start":{"line":59,"column":37},"end":{"line":59,"column":null}},"type":"binary-expr","locations":[{"start":{"line":59,"column":37},"end":{"line":59,"column":59}},{"start":{"line":59,"column":59},"end":{"line":59,"column":null}}],"line":59},"15":{"loc":{"start":{"line":65,"column":4},"end":{"line":70,"column":null}},"type":"switch","locations":[{"start":{"line":66,"column":6},"end":{"line":66,"column":null}},{"start":{"line":67,"column":6},"end":{"line":67,"column":null}},{"start":{"line":68,"column":6},"end":{"line":68,"column":null}},{"start":{"line":69,"column":6},"end":{"line":69,"column":null}}],"line":65},"16":{"loc":{"start":{"line":67,"column":32},"end":{"line":67,"column":53}},"type":"binary-expr","locations":[{"start":{"line":67,"column":32},"end":{"line":67,"column":51}},{"start":{"line":67,"column":51},"end":{"line":67,"column":53}}],"line":67},"17":{"loc":{"start":{"line":68,"column":31},"end":{"line":68,"column":null}},"type":"binary-expr","locations":[{"start":{"line":68,"column":31},"end":{"line":68,"column":76}},{"start":{"line":68,"column":76},"end":{"line":68,"column":null}}],"line":68},"18":{"loc":{"start":{"line":69,"column":22},"end":{"line":69,"column":null}},"type":"binary-expr","locations":[{"start":{"line":69,"column":22},"end":{"line":69,"column":67}},{"start":{"line":69,"column":67},"end":{"line":69,"column":null}}],"line":69},"19":{"loc":{"start":{"line":132,"column":26},"end":{"line":132,"column":null}},"type":"cond-expr","locations":[{"start":{"line":132,"column":40},"end":{"line":132,"column":52}},{"start":{"line":132,"column":52},"end":{"line":132,"column":null}}],"line":132},"20":{"loc":{"start":{"line":133,"column":31},"end":{"line":133,"column":null}},"type":"cond-expr","locations":[{"start":{"line":133,"column":58},"end":{"line":133,"column":64}},{"start":{"line":133,"column":64},"end":{"line":133,"column":null}}],"line":133},"21":{"loc":{"start":{"line":133,"column":31},"end":{"line":133,"column":58}},"type":"binary-expr","locations":[{"start":{"line":133,"column":31},"end":{"line":133,"column":44}},{"start":{"line":133,"column":44},"end":{"line":133,"column":58}}],"line":133},"22":{"loc":{"start":{"line":134,"column":26},"end":{"line":134,"column":null}},"type":"cond-expr","locations":[{"start":{"line":134,"column":38},"end":{"line":134,"column":57}},{"start":{"line":134,"column":57},"end":{"line":134,"column":null}}],"line":134},"23":{"loc":{"start":{"line":135,"column":27},"end":{"line":135,"column":null}},"type":"cond-expr","locations":[{"start":{"line":135,"column":39},"end":{"line":135,"column":43}},{"start":{"line":135,"column":43},"end":{"line":135,"column":null}}],"line":135},"24":{"loc":{"start":{"line":162,"column":9},"end":{"line":184,"column":null}},"type":"binary-expr","locations":[{"start":{"line":162,"column":9},"end":{"line":162,"column":34}},{"start":{"line":162,"column":9},"end":{"line":184,"column":null}}],"line":162},"25":{"loc":{"start":{"line":165,"column":10},"end":{"line":165,"column":null}},"type":"if","locations":[{"start":{"line":165,"column":10},"end":{"line":165,"column":null}},{"start":{},"end":{}}],"line":165},"26":{"loc":{"start":{"line":165,"column":14},"end":{"line":165,"column":29}},"type":"binary-expr","locations":[{"start":{"line":165,"column":14},"end":{"line":165,"column":22}},{"start":{"line":165,"column":22},"end":{"line":165,"column":29}}],"line":165},"27":{"loc":{"start":{"line":177,"column":15},"end":{"line":180,"column":null}},"type":"binary-expr","locations":[{"start":{"line":177,"column":15},"end":{"line":177,"column":null}},{"start":{"line":178,"column":16},"end":{"line":180,"column":null}}],"line":177},"28":{"loc":{"start":{"line":189,"column":9},"end":{"line":194,"column":null}},"type":"binary-expr","locations":[{"start":{"line":189,"column":9},"end":{"line":189,"column":31}},{"start":{"line":189,"column":31},"end":{"line":194,"column":null}}],"line":189},"29":{"loc":{"start":{"line":195,"column":9},"end":{"line":200,"column":null}},"type":"binary-expr","locations":[{"start":{"line":195,"column":9},"end":{"line":195,"column":28}},{"start":{"line":195,"column":28},"end":{"line":200,"column":null}}],"line":195},"30":{"loc":{"start":{"line":201,"column":9},"end":{"line":206,"column":null}},"type":"binary-expr","locations":[{"start":{"line":201,"column":9},"end":{"line":201,"column":31}},{"start":{"line":201,"column":31},"end":{"line":206,"column":null}}],"line":201},"31":{"loc":{"start":{"line":207,"column":9},"end":{"line":212,"column":null}},"type":"binary-expr","locations":[{"start":{"line":207,"column":9},"end":{"line":207,"column":29}},{"start":{"line":207,"column":29},"end":{"line":212,"column":null}}],"line":207}},"s":{"0":2,"1":2,"2":24,"3":3,"4":21,"5":6,"6":15,"7":5,"8":10,"9":4,"10":6,"11":4,"12":2,"13":2,"14":24,"15":24,"16":0,"17":24,"18":168,"19":168,"20":168,"21":168,"22":84,"23":84,"24":84,"25":84,"26":84,"27":56,"28":56,"29":56,"30":56,"31":28,"32":28,"33":28,"34":28,"35":168,"36":168,"37":168,"38":7,"39":7,"40":7,"41":168,"42":168,"43":24,"44":48,"45":48,"46":8,"47":40,"48":32,"49":8,"50":8,"51":0,"52":24,"53":72,"54":7,"55":168,"56":168,"57":24,"58":48,"59":24,"60":72,"61":7,"62":7,"63":168,"64":168,"65":168,"66":168,"67":168,"68":1,"69":0,"70":1,"71":1,"72":21,"73":1,"74":1,"75":0,"76":1,"77":3,"78":12,"79":6,"80":8,"81":5},"f":{"0":24,"1":24,"2":168,"3":7,"4":168,"5":168,"6":168,"7":1,"8":0,"9":1,"10":1,"11":21,"12":3,"13":12,"14":6,"15":8,"16":5},"b":{"0":[3,21],"1":[6,15],"2":[5,10],"3":[4,6],"4":[4,2],"5":[0,24],"6":[84,84],"7":[56,28],"8":[7],"9":[24,48,24,72],"10":[48,0],"11":[8,40],"12":[32,8],"13":[8,0],"14":[72,0],"15":[24,48,24,72],"16":[48,0],"17":[24,0],"18":[72,0],"19":[1,167],"20":[2,166],"21":[168,167],"22":[1,167],"23":[1,167],"24":[7,1],"25":[0,1],"26":[1,1],"27":[1,1],"28":[7,3],"29":[7,1],"30":[7,2],"31":[7,1]},"meta":{"lastBranch":32,"lastFunction":17,"lastStatement":82,"seen":{"s:5:23:10:Infinity":0,"s:12:6:19:Infinity":1,"f:12:6:12:21":0,"b:13:2:13:Infinity:undefined:undefined:undefined:undefined":0,"s:13:2:13:Infinity":2,"s:13:21:13:Infinity":3,"b:14:2:14:Infinity:undefined:undefined:undefined:undefined":1,"s:14:2:14:Infinity":4,"s:14:21:14:Infinity":5,"b:15:2:15:Infinity:undefined:undefined:undefined:undefined":2,"s:15:2:15:Infinity":6,"s:15:21:15:Infinity":7,"b:16:2:16:Infinity:undefined:undefined:undefined:undefined":3,"s:16:2:16:Infinity":8,"s:16:21:16:Infinity":9,"b:17:2:17:Infinity:undefined:undefined:undefined:undefined":4,"s:17:2:17:Infinity":10,"s:17:21:17:Infinity":11,"s:18:2:18:Infinity":12,"s:21:6:25:Infinity":13,"f:21:6:21:22":1,"s:22:12:22:Infinity":14,"b:23:2:23:Infinity:undefined:undefined:undefined:undefined":5,"s:23:2:23:Infinity":15,"s:23:10:23:Infinity":16,"s:24:2:24:Infinity":17,"f:28:9:28:24":2,"s:29:13:29:18":18,"s:29:23:29:Infinity":19,"s:30:8:30:Infinity":20,"b:33:2:35:Infinity:34:7:35:Infinity":6,"s:33:2:35:Infinity":21,"s:33:26:33:36":22,"s:33:36:33:45":23,"s:33:45:33:53":24,"s:33:53:33:61":25,"b:34:7:35:Infinity:35:7:35:Infinity":7,"s:34:7:35:Infinity":26,"s:34:31:34:41":27,"s:34:41:34:51":28,"s:34:51:34:59":29,"s:34:59:34:67":30,"s:35:9:35:19":31,"s:35:19:35:28":32,"s:35:28:35:36":33,"s:35:36:35:44":34,"s:37:12:37:Infinity":35,"s:38:12:38:Infinity":36,"s:40:2:40:Infinity":37,"f:43:24:43:43":3,"b:43:52:43:63":8,"s:44:25:44:Infinity":38,"s:45:8:45:Infinity":39,"s:47:8:61:Infinity":40,"f:47:8:47:20":4,"s:48:17:48:Infinity":41,"b:50:6:50:Infinity:51:6:57:Infinity:58:6:58:Infinity:59:6:59:Infinity":9,"s:49:4:60:Infinity":42,"s:50:19:50:Infinity":43,"s:52:20:52:Infinity":44,"b:52:20:52:39:52:39:52:Infinity":10,"b:53:8:53:Infinity:undefined:undefined:undefined:undefined":11,"s:53:8:53:Infinity":45,"s:53:23:53:Infinity":46,"b:54:8:54:Infinity:undefined:undefined:undefined:undefined":12,"s:54:8:54:Infinity":47,"s:54:23:54:Infinity":48,"b:55:8:55:Infinity:undefined:undefined:undefined:undefined":13,"s:55:8:55:Infinity":49,"s:55:23:55:Infinity":50,"s:56:8:56:Infinity":51,"s:58:20:58:Infinity":52,"s:59:15:59:Infinity":53,"b:59:37:59:59:59:59:59:Infinity":14,"s:63:8:71:Infinity":54,"f:63:8:63:24":5,"s:64:17:64:Infinity":55,"b:66:6:66:Infinity:67:6:67:Infinity:68:6:68:Infinity:69:6:69:Infinity":15,"s:65:4:70:Infinity":56,"s:66:19:66:Infinity":57,"s:67:22:67:Infinity":58,"b:67:32:67:51:67:51:67:53":16,"s:68:20:68:Infinity":59,"b:68:31:68:76:68:76:68:Infinity":17,"s:69:15:69:Infinity":60,"b:69:22:69:67:69:67:69:Infinity":18,"s:73:20:78:Infinity":61,"s:80:2:214:Infinity":62,"f:111:20:111:25":6,"s:112:24:112:Infinity":63,"s:113:26:113:Infinity":64,"s:114:30:114:Infinity":65,"s:115:32:115:Infinity":66,"s:117:12:145:Infinity":67,"f:120:16:120:36":7,"s:120:36:120:Infinity":68,"f:121:16:121:36":8,"s:121:36:121:Infinity":69,"f:122:16:122:31":9,"s:122:31:122:Infinity":70,"b:132:40:132:52:132:52:132:Infinity":19,"b:133:58:133:64:133:64:133:Infinity":20,"b:133:31:133:44:133:44:133:58":21,"b:134:38:134:57:134:57:134:Infinity":22,"b:135:39:135:43:135:43:135:Infinity":23,"b:162:9:162:34:162:9:184:Infinity":24,"f:162:9:162:34":10,"s:163:22:163:Infinity":71,"f:163:31:163:36":11,"s:163:41:163:64":72,"s:164:23:164:Infinity":73,"b:165:10:165:Infinity:undefined:undefined:undefined:undefined":25,"s:165:10:165:Infinity":74,"b:165:14:165:22:165:22:165:29":26,"s:165:29:165:Infinity":75,"s:166:10:182:Infinity":76,"b:177:15:177:Infinity:178:16:180:Infinity":27,"f:179:32:179:36":12,"s:179:41:179:96":77,"b:189:9:189:31:189:31:194:Infinity":28,"f:189:69:189:73":13,"s:190:10:193:Infinity":78,"b:195:9:195:28:195:28:200:Infinity":29,"f:195:109:195:114":14,"s:196:10:199:Infinity":79,"b:201:9:201:31:201:31:206:Infinity":30,"f:201:95:201:100":15,"s:202:10:205:Infinity":80,"b:207:9:207:29:207:29:212:Infinity":31,"f:207:57:207:62":16,"s:208:10:211:Infinity":81},"fnNames":{}}}
,"C:\\Users\\Dheer\\Desktop\\Prompt-Wars-4\\src\\components\\Staff\\IncidentBoard.jsx": {"path":"C:\\Users\\Dheer\\Desktop\\Prompt-Wars-4\\src\\components\\Staff\\IncidentBoard.jsx","statementMap":{"0":{"start":{"line":6,"column":20},"end":{"line":6,"column":null}},"1":{"start":{"line":6,"column":36},"end":{"line":6,"column":78}},"2":{"start":{"line":7,"column":8},"end":{"line":7,"column":null}},"3":{"start":{"line":9,"column":2},"end":{"line":17,"column":null}},"4":{"start":{"line":10,"column":4},"end":{"line":10,"column":null}},"5":{"start":{"line":10,"column":29},"end":{"line":10,"column":null}},"6":{"start":{"line":11,"column":4},"end":{"line":11,"column":null}},"7":{"start":{"line":13,"column":21},"end":{"line":15,"column":null}},"8":{"start":{"line":14,"column":6},"end":{"line":14,"column":null}},"9":{"start":{"line":14,"column":27},"end":{"line":14,"column":69}},"10":{"start":{"line":16,"column":4},"end":{"line":16,"column":null}},"11":{"start":{"line":16,"column":17},"end":{"line":16,"column":null}},"12":{"start":{"line":19,"column":8},"end":{"line":23,"column":null}},"13":{"start":{"line":20,"column":4},"end":{"line":22,"column":null}},"14":{"start":{"line":20,"column":25},"end":{"line":22,"column":5}},"15":{"start":{"line":21,"column":6},"end":{"line":21,"column":null}},"16":{"start":{"line":25,"column":18},"end":{"line":29,"column":null}},"17":{"start":{"line":31,"column":8},"end":{"line":34,"column":null}},"18":{"start":{"line":32,"column":14},"end":{"line":32,"column":null}},"19":{"start":{"line":33,"column":4},"end":{"line":33,"column":null}},"20":{"start":{"line":36,"column":24},"end":{"line":36,"column":null}},"21":{"start":{"line":38,"column":2},"end":{"line":81,"column":null}},"22":{"start":{"line":42,"column":64},"end":{"line":42,"column":85}},"23":{"start":{"line":47,"column":31},"end":{"line":47,"column":null}},"24":{"start":{"line":47,"column":53},"end":{"line":47,"column":73}},"25":{"start":{"line":48,"column":10},"end":{"line":77,"column":null}},"26":{"start":{"line":56,"column":18},"end":{"line":74,"column":null}},"27":{"start":{"line":69,"column":72},"end":{"line":69,"column":109}},"28":{"start":{"line":70,"column":77},"end":{"line":70,"column":111}}},"fnMap":{"0":{"name":"IncidentBoard","decl":{"start":{"line":5,"column":24},"end":{"line":5,"column":40}},"loc":{"start":{"line":5,"column":40},"end":{"line":83,"column":null}},"line":5},"1":{"name":"(anonymous_1)","decl":{"start":{"line":6,"column":36},"end":{"line":6,"column":51}},"loc":{"start":{"line":6,"column":36},"end":{"line":6,"column":78}},"line":6},"2":{"name":"(anonymous_2)","decl":{"start":{"line":9,"column":2},"end":{"line":9,"column":18}},"loc":{"start":{"line":9,"column":18},"end":{"line":17,"column":5}},"line":9},"3":{"name":"(anonymous_3)","decl":{"start":{"line":13,"column":21},"end":{"line":13,"column":39}},"loc":{"start":{"line":13,"column":39},"end":{"line":15,"column":7}},"line":13},"4":{"name":"(anonymous_4)","decl":{"start":{"line":14,"column":6},"end":{"line":14,"column":19}},"loc":{"start":{"line":14,"column":27},"end":{"line":14,"column":69}},"line":14},"5":{"name":"(anonymous_5)","decl":{"start":{"line":16,"column":4},"end":{"line":16,"column":17}},"loc":{"start":{"line":16,"column":17},"end":{"line":16,"column":null}},"line":16},"6":{"name":"(anonymous_6)","decl":{"start":{"line":19,"column":8},"end":{"line":19,"column":24}},"loc":{"start":{"line":19,"column":42},"end":{"line":23,"column":null}},"line":19},"7":{"name":"(anonymous_7)","decl":{"start":{"line":20,"column":4},"end":{"line":20,"column":17}},"loc":{"start":{"line":20,"column":25},"end":{"line":22,"column":5}},"line":20},"8":{"name":"(anonymous_8)","decl":{"start":{"line":20,"column":30},"end":{"line":20,"column":34}},"loc":{"start":{"line":21,"column":6},"end":{"line":21,"column":null}},"line":21},"9":{"name":"(anonymous_9)","decl":{"start":{"line":31,"column":8},"end":{"line":31,"column":22}},"loc":{"start":{"line":31,"column":29},"end":{"line":34,"column":null}},"line":31},"10":{"name":"(anonymous_10)","decl":{"start":{"line":42,"column":52},"end":{"line":42,"column":59}},"loc":{"start":{"line":42,"column":64},"end":{"line":42,"column":85}},"line":42},"11":{"name":"(anonymous_11)","decl":{"start":{"line":46,"column":17},"end":{"line":46,"column":21}},"loc":{"start":{"line":46,"column":28},"end":{"line":79,"column":9}},"line":46},"12":{"name":"(anonymous_12)","decl":{"start":{"line":47,"column":41},"end":{"line":47,"column":48}},"loc":{"start":{"line":47,"column":53},"end":{"line":47,"column":73}},"line":47},"13":{"name":"(anonymous_13)","decl":{"start":{"line":55,"column":42},"end":{"line":55,"column":46}},"loc":{"start":{"line":56,"column":18},"end":{"line":74,"column":null}},"line":56},"14":{"name":"(anonymous_14)","decl":{"start":{"line":69,"column":57},"end":{"line":69,"column":72}},"loc":{"start":{"line":69,"column":72},"end":{"line":69,"column":109}},"line":69},"15":{"name":"(anonymous_15)","decl":{"start":{"line":70,"column":62},"end":{"line":70,"column":77}},"loc":{"start":{"line":70,"column":77},"end":{"line":70,"column":111}},"line":70}},"branchMap":{"0":{"loc":{"start":{"line":10,"column":4},"end":{"line":10,"column":null}},"type":"if","locations":[{"start":{"line":10,"column":4},"end":{"line":10,"column":null}},{"start":{},"end":{}}],"line":10},"1":{"loc":{"start":{"line":21,"column":6},"end":{"line":21,"column":null}},"type":"cond-expr","locations":[{"start":{"line":21,"column":22},"end":{"line":21,"column":133}},{"start":{"line":21,"column":133},"end":{"line":21,"column":null}}],"line":21},"2":{"loc":{"start":{"line":21,"column":55},"end":{"line":21,"column":129}},"type":"cond-expr","locations":[{"start":{"line":21,"column":82},"end":{"line":21,"column":125}},{"start":{"line":21,"column":125},"end":{"line":21,"column":129}}],"line":21},"3":{"loc":{"start":{"line":67,"column":21},"end":{"line":71,"column":null}},"type":"binary-expr","locations":[{"start":{"line":67,"column":21},"end":{"line":67,"column":null}},{"start":{"line":68,"column":22},"end":{"line":71,"column":null}}],"line":67},"4":{"loc":{"start":{"line":69,"column":25},"end":{"line":70,"column":29}},"type":"binary-expr","locations":[{"start":{"line":69,"column":25},"end":{"line":69,"column":49}},{"start":{"line":69,"column":49},"end":{"line":70,"column":29}}],"line":69},"5":{"loc":{"start":{"line":70,"column":25},"end":{"line":71,"column":null}},"type":"binary-expr","locations":[{"start":{"line":70,"column":25},"end":{"line":70,"column":54}},{"start":{"line":70,"column":54},"end":{"line":71,"column":null}}],"line":70},"6":{"loc":{"start":{"line":73,"column":21},"end":{"line":73,"column":null}},"type":"binary-expr","locations":[{"start":{"line":73,"column":21},"end":{"line":73,"column":39}},{"start":{"line":73,"column":39},"end":{"line":73,"column":null}}],"line":73}},"s":{"0":6,"1":3,"2":6,"3":6,"4":3,"5":0,"6":3,"7":3,"8":1,"9":1,"10":3,"11":3,"12":6,"13":2,"14":2,"15":6,"16":6,"17":6,"18":22,"19":22,"20":6,"21":6,"22":16,"23":18,"24":48,"25":18,"26":16,"27":1,"28":1},"f":{"0":6,"1":3,"2":3,"3":1,"4":1,"5":3,"6":2,"7":2,"8":6,"9":22,"10":16,"11":18,"12":48,"13":16,"14":1,"15":1},"b":{"0":[0,3],"1":[2,4],"2":[1,1],"3":[16,10],"4":[10,4],"5":[10,6],"6":[16,6]},"meta":{"lastBranch":7,"lastFunction":16,"lastStatement":29,"seen":{"f:5:24:5:40":0,"s:6:20:6:Infinity":0,"f:6:36:6:51":1,"s:6:36:6:78":1,"s:7:8:7:Infinity":2,"s:9:2:17:Infinity":3,"f:9:2:9:18":2,"b:10:4:10:Infinity:undefined:undefined:undefined:undefined":0,"s:10:4:10:Infinity":4,"s:10:29:10:Infinity":5,"s:11:4:11:Infinity":6,"s:13:21:15:Infinity":7,"f:13:21:13:39":3,"s:14:6:14:Infinity":8,"f:14:6:14:19":4,"s:14:27:14:69":9,"s:16:4:16:Infinity":10,"f:16:4:16:17":5,"s:16:17:16:Infinity":11,"s:19:8:23:Infinity":12,"f:19:8:19:24":6,"s:20:4:22:Infinity":13,"f:20:4:20:17":7,"s:20:25:22:5":14,"f:20:30:20:34":8,"s:21:6:21:Infinity":15,"b:21:22:21:133:21:133:21:Infinity":1,"b:21:82:21:125:21:125:21:129":2,"s:25:18:29:Infinity":16,"s:31:8:34:Infinity":17,"f:31:8:31:22":9,"s:32:14:32:Infinity":18,"s:33:4:33:Infinity":19,"s:36:24:36:Infinity":20,"s:38:2:81:Infinity":21,"f:42:52:42:59":10,"s:42:64:42:85":22,"f:46:17:46:21":11,"s:47:31:47:Infinity":23,"f:47:41:47:48":12,"s:47:53:47:73":24,"s:48:10:77:Infinity":25,"f:55:42:55:46":13,"s:56:18:74:Infinity":26,"b:67:21:67:Infinity:68:22:71:Infinity":3,"b:69:25:69:49:69:49:70:29":4,"f:69:57:69:72":14,"s:69:72:69:109":27,"b:70:25:70:54:70:54:71:Infinity":5,"f:70:62:70:77":15,"s:70:77:70:111":28,"b:73:21:73:39:73:39:73:Infinity":6},"fnNames":{}}}
,"C:\\Users\\Dheer\\Desktop\\Prompt-Wars-4\\src\\components\\Staff\\ResourceAllocation.jsx": {"path":"C:\\Users\\Dheer\\Desktop\\Prompt-Wars-4\\src\\components\\Staff\\ResourceAllocation.jsx","statementMap":{"0":{"start":{"line":6,"column":20},"end":{"line":12,"column":null}},"1":{"start":{"line":15,"column":21},"end":{"line":15,"column":null}},"2":{"start":{"line":16,"column":2},"end":{"line":21,"column":null}},"3":{"start":{"line":17,"column":4},"end":{"line":17,"column":null}},"4":{"start":{"line":18,"column":4},"end":{"line":20,"column":null}},"5":{"start":{"line":19,"column":6},"end":{"line":19,"column":null}},"6":{"start":{"line":22,"column":2},"end":{"line":22,"column":null}},"7":{"start":{"line":26,"column":9},"end":{"line":26,"column":null}},"8":{"start":{"line":26,"column":38},"end":{"line":26,"column":58}},"9":{"start":{"line":27,"column":10},"end":{"line":27,"column":null}},"10":{"start":{"line":29,"column":21},"end":{"line":30,"column":null}},"11":{"start":{"line":30,"column":4},"end":{"line":30,"column":58}},"12":{"start":{"line":30,"column":47},"end":{"line":30,"column":54}},"13":{"start":{"line":32,"column":8},"end":{"line":32,"column":null}},"14":{"start":{"line":32,"column":36},"end":{"line":32,"column":null}},"15":{"start":{"line":32,"column":93},"end":{"line":32,"column":100}},"16":{"start":{"line":34,"column":8},"end":{"line":38,"column":null}},"17":{"start":{"line":35,"column":17},"end":{"line":35,"column":null}},"18":{"start":{"line":36,"column":18},"end":{"line":36,"column":null}},"19":{"start":{"line":37,"column":4},"end":{"line":37,"column":null}},"20":{"start":{"line":40,"column":2},"end":{"line":86,"column":null}},"21":{"start":{"line":50,"column":10},"end":{"line":53,"column":null}},"22":{"start":{"line":60,"column":31},"end":{"line":60,"column":null}},"23":{"start":{"line":61,"column":23},"end":{"line":61,"column":null}},"24":{"start":{"line":62,"column":10},"end":{"line":82,"column":null}},"25":{"start":{"line":71,"column":18},"end":{"line":74,"column":null}}},"fnMap":{"0":{"name":"generateDeployment","decl":{"start":{"line":14,"column":9},"end":{"line":14,"column":30}},"loc":{"start":{"line":14,"column":30},"end":{"line":23,"column":null}},"line":14},"1":{"name":"(anonymous_1)","decl":{"start":{"line":16,"column":8},"end":{"line":16,"column":16}},"loc":{"start":{"line":16,"column":24},"end":{"line":21,"column":3}},"line":16},"2":{"name":"(anonymous_2)","decl":{"start":{"line":18,"column":16},"end":{"line":18,"column":24}},"loc":{"start":{"line":18,"column":30},"end":{"line":20,"column":5}},"line":18},"3":{"name":"ResourceAllocation","decl":{"start":{"line":25,"column":24},"end":{"line":25,"column":45}},"loc":{"start":{"line":25,"column":45},"end":{"line":88,"column":null}},"line":25},"4":{"name":"(anonymous_4)","decl":{"start":{"line":26,"column":23},"end":{"line":26,"column":38}},"loc":{"start":{"line":26,"column":38},"end":{"line":26,"column":58}},"line":26},"5":{"name":"(anonymous_5)","decl":{"start":{"line":29,"column":47},"end":{"line":29,"column":55}},"loc":{"start":{"line":30,"column":4},"end":{"line":30,"column":58}},"line":30},"6":{"name":"(anonymous_6)","decl":{"start":{"line":30,"column":30},"end":{"line":30,"column":38}},"loc":{"start":{"line":30,"column":47},"end":{"line":30,"column":54}},"line":30},"7":{"name":"(anonymous_7)","decl":{"start":{"line":32,"column":8},"end":{"line":32,"column":25}},"loc":{"start":{"line":32,"column":36},"end":{"line":32,"column":null}},"line":32},"8":{"name":"(anonymous_8)","decl":{"start":{"line":32,"column":76},"end":{"line":32,"column":84}},"loc":{"start":{"line":32,"column":93},"end":{"line":32,"column":100}},"line":32},"9":{"name":"(anonymous_9)","decl":{"start":{"line":34,"column":8},"end":{"line":34,"column":26}},"loc":{"start":{"line":34,"column":37},"end":{"line":38,"column":null}},"line":34},"10":{"name":"(anonymous_10)","decl":{"start":{"line":49,"column":21},"end":{"line":49,"column":25}},"loc":{"start":{"line":50,"column":10},"end":{"line":53,"column":null}},"line":50},"11":{"name":"(anonymous_11)","decl":{"start":{"line":59,"column":15},"end":{"line":59,"column":19}},"loc":{"start":{"line":59,"column":27},"end":{"line":84,"column":9}},"line":59},"12":{"name":"(anonymous_12)","decl":{"start":{"line":70,"column":29},"end":{"line":70,"column":33}},"loc":{"start":{"line":71,"column":18},"end":{"line":74,"column":null}},"line":71}},"branchMap":{"0":{"loc":{"start":{"line":32,"column":50},"end":{"line":32,"column":74}},"type":"binary-expr","locations":[{"start":{"line":32,"column":50},"end":{"line":32,"column":72}},{"start":{"line":32,"column":72},"end":{"line":32,"column":74}}],"line":32},"1":{"loc":{"start":{"line":37,"column":4},"end":{"line":37,"column":null}},"type":"binary-expr","locations":[{"start":{"line":37,"column":12},"end":{"line":37,"column":42}},{"start":{"line":37,"column":42},"end":{"line":37,"column":69}},{"start":{"line":37,"column":69},"end":{"line":37,"column":null}}],"line":37},"2":{"loc":{"start":{"line":63,"column":61},"end":{"line":63,"column":null}},"type":"cond-expr","locations":[{"start":{"line":63,"column":76},"end":{"line":63,"column":93}},{"start":{"line":63,"column":93},"end":{"line":63,"column":null}}],"line":63},"3":{"loc":{"start":{"line":66,"column":17},"end":{"line":66,"column":null}},"type":"binary-expr","locations":[{"start":{"line":66,"column":17},"end":{"line":66,"column":33}},{"start":{"line":66,"column":33},"end":{"line":66,"column":null}}],"line":66},"4":{"loc":{"start":{"line":73,"column":49},"end":{"line":73,"column":91}},"type":"binary-expr","locations":[{"start":{"line":73,"column":49},"end":{"line":73,"column":83}},{"start":{"line":73,"column":83},"end":{"line":73,"column":91}}],"line":73},"5":{"loc":{"start":{"line":78,"column":52},"end":{"line":78,"column":123}},"type":"cond-expr","locations":[{"start":{"line":78,"column":81},"end":{"line":78,"column":103}},{"start":{"line":78,"column":103},"end":{"line":78,"column":123}}],"line":78},"6":{"loc":{"start":{"line":79,"column":25},"end":{"line":79
[...]
mn":21},"end":{"line":29,"column":null}},"6":{"start":{"line":28,"column":36},"end":{"line":28,"column":101}},"7":{"start":{"line":30,"column":6},"end":{"line":30,"column":null}},"8":{"start":{"line":33,"column":6},"end":{"line":33,"column":null}},"9":{"start":{"line":35,"column":6},"end":{"line":35,"column":null}},"10":{"start":{"line":37,"column":6},"end":{"line":37,"column":null}},"11":{"start":{"line":39,"column":6},"end":{"line":39,"column":null}},"12":{"start":{"line":41,"column":6},"end":{"line":41,"column":null}},"13":{"start":{"line":43,"column":6},"end":{"line":43,"column":null}},"14":{"start":{"line":45,"column":6},"end":{"line":45,"column":null}},"15":{"start":{"line":47,"column":6},"end":{"line":47,"column":null}},"16":{"start":{"line":52,"column":16},"end":{"line":52,"column":null}},"17":{"start":{"line":53,"column":8},"end":{"line":53,"column":null}},"18":{"start":{"line":54,"column":8},"end":{"line":54,"column":null}},"19":{"start":{"line":57,"column":2},"end":{"line":63,"column":null}},"20":{"start":{"line":58,"column":4},"end":{"line":62,"column":null}},"21":{"start":{"line":59,"column":6},"end":{"line":59,"column":null}},"22":{"start":{"line":60,"column":12},"end":{"line":60,"column":null}},"23":{"start":{"line":61,"column":6},"end":{"line":61,"column":null}},"24":{"start":{"line":66,"column":2},"end":{"line":79,"column":null}},"25":{"start":{"line":67,"column":4},"end":{"line":78,"column":null}},"26":{"start":{"line":68,"column":12},"end":{"line":73,"column":null}},"27":{"start":{"line":69,"column":14},"end":{"line":69,"column":null}},"28":{"start":{"line":70,"column":8},"end":{"line":70,"column":null}},"29":{"start":{"line":72,"column":8},"end":{"line":72,"column":null}},"30":{"start":{"line":74,"column":6},"end":{"line":74,"column":null}},"31":{"start":{"line":75,"column":6},"end":{"line":75,"column":null}},"32":{"start":{"line":75,"column":19},"end":{"line":75,"column":null}},"33":{"start":{"line":77,"column":6},"end":{"line":77,"column":null}},"34":{"start":{"line":82,"column":8},"end":{"line":82,"column":null}},"35":{"start":{"line":82,"column":20},"end":{"line":82,"column":67}},"36":{"start":{"line":83,"column":8},"end":{"line":83,"column":null}},"37":{"start":{"line":83,"column":20},"end":{"line":83,"column":78}},"38":{"start":{"line":84,"column":8},"end":{"line":84,"column":null}},"39":{"start":{"line":84,"column":19},"end":{"line":84,"column":65}},"40":{"start":{"line":85,"column":8},"end":{"line":88,"column":null}},"41":{"start":{"line":86,"column":10},"end":{"line":86,"column":null}},"42":{"start":{"line":86,"column":36},"end":{"line":86,"column":100}},"43":{"start":{"line":90,"column":8},"end":{"line":92,"column":null}},"44":{"start":{"line":91,"column":4},"end":{"line":91,"column":null}},"45":{"start":{"line":94,"column":8},"end":{"line":109,"column":null}},"46":{"start":{"line":95,"column":4},"end":{"line":108,"column":null}},"47":{"start":{"line":111,"column":8},"end":{"line":113,"column":null}},"48":{"start":{"line":112,"column":4},"end":{"line":112,"column":null}},"49":{"start":{"line":115,"column":8},"end":{"line":117,"column":null}},"50":{"start":{"line":116,"column":4},"end":{"line":116,"column":null}},"51":{"start":{"line":119,"column":8},"end":{"line":121,"column":null}},"52":{"start":{"line":120,"column":4},"end":{"line":120,"column":null}},"53":{"start":{"line":123,"column":8},"end":{"line":125,"column":null}},"54":{"start":{"line":124,"column":4},"end":{"line":124,"column":null}},"55":{"start":{"line":128,"column":8},"end":{"line":132,"column":null}},"56":{"start":{"line":129,"column":4},"end":{"line":131,"column":null}},"57":{"start":{"line":130,"column":25},"end":{"line":130,"column":69}},"58":{"start":{"line":131,"column":21},"end":{"line":131,"column":23}},"59":{"start":{"line":135,"column":8},"end":{"line":156,"column":null}},"60":{"start":{"line":136,"column":16},"end":{"line":136,"column":null}},"61":{"start":{"line":137,"column":19},"end":{"line":137,"column":null}},"62":{"start":{"line":137,"column":45},"end":{"line":137,"column":99}},"63":{"start":{"line":138,"column":19},"end":{"line":138,"column":null}},"64":{"start":{"line":139,"column":21},"end":{"line":139,"column":null}},"65":{"start":{"line":140,"column":19},"end":{"line":140,"column":null}},"66":{"start":{"line":142,"column":4},"end":{"line":146,"column":null}},"67":{"start":{"line":143,"column":6},"end":{"line":143,"column":null}},"68":{"start":{"line":144,"column":6},"end":{"line":144,"column":null}},"69":{"start":{"line":145,"column":6},"end":{"line":145,"column":null}},"70":{"start":{"line":148,"column":4},"end":{"line":155,"column":null}},"71":{"start":{"line":153,"column":36},"end":{"line":153,"column":82}},"72":{"start":{"line":158,"column":8},"end":{"line":187,"column":null}},"73":{"start":{"line":158,"column":31},"end":{"line":173,"column":6}},"74":{"start":{"line":189,"column":2},"end":{"line":192,"column":null}},"75":{"start":{"line":196,"column":0},"end":{"line":198,"column":null}},"76":{"start":{"line":202,"column":8},"end":{"line":202,"column":null}},"77":{"start":{"line":203,"column":2},"end":{"line":203,"column":null}},"78":{"start":{"line":203,"column":12},"end":{"line":203,"column":null}},"79":{"start":{"line":204,"column":2},"end":{"line":204,"column":null}}},"fnMap":{"0":{"name":"reducer","decl":{"start":{"line":24,"column":9},"end":{"line":24,"column":17}},"loc":{"start":{"line":24,"column":32},"end":{"line":49,"column":null}},"line":24},"1":{"name":"(anonymous_1)","decl":{"start":{"line":28,"column":24},"end":{"line":28,"column":31}},"loc":{"start":{"line":28,"column":36},"end":{"line":28,"column":101}},"line":28},"2":{"name":"QueryProvider","decl":{"start":{"line":51,"column":16},"end":{"line":51,"column":30}},"loc":{"start":{"line":51,"column":44},"end":{"line":194,"column":null}},"line":51},"3":{"name":"(anonymous_3)","decl":{"start":{"line":57,"column":2},"end":{"line":57,"column":18}},"loc":{"start":{"line":57,"column":18},"end":{"line":63,"column":5}},"line":57},"4":{"name":"(anonymous_4)","decl":{"start":{"line":66,"column":2},"end":{"line":66,"column":18}},"loc":{"start":{"line":66,"column":18},"end":{"line":79,"column":5}},"line":66},"5":{"name":"(anonymous_5)","decl":{"start":{"line":68,"column":12},"end":{"line":68,"column":25}},"loc":{"start":{"line":68,"column":25},"end":{"line":73,"column":null}},"line":68},"6":{"name":"(anonymous_6)","decl":{"start":{"line":75,"column":6},"end":{"line":75,"column":19}},"loc":{"start":{"line":75,"column":19},"end":{"line":75,"column":null}},"line":75},"7":{"name":"(anonymous_7)","decl":{"start":{"line":82,"column":20},"end":{"line":82,"column":34}},"loc":{"start":{"line":82,"column":20},"end":{"line":82,"column":67}},"line":82},"8":{"name":"(anonymous_8)","decl":{"start":{"line":83,"column":20},"end":{"line":83,"column":34}},"loc":{"start":{"line":83,"column":20},"end":{"line":83,"column":78}},"line":83},"9":{"name":"(anonymous_9)","decl":{"start":{"line":84,"column":19},"end":{"line":84,"column":33}},"loc":{"start":{"line":84,"column":19},"end":{"line":84,"column":65}},"line":84},"10":{"name":"(anonymous_10)","decl":{"start":{"line":85,"column":27},"end":{"line":85,"column":null}},"loc":{"start":{"line":86,"column":10},"end":{"line":86,"column":null}},"line":86},"11":{"name":"(anonymous_11)","decl":{"start":{"line":86,"column":24},"end":{"line":86,"column":31}},"loc":{"start":{"line":86,"column":36},"end":{"line":86,"column":100}},"line":86},"12":{"name":"(anonymous_12)","decl":{"start":{"line":90,"column":24},"end":{"line":90,"column":37}},"loc":{"start":{"line":90,"column":45},"end":{"line":92,"column":5}},"line":90},"13":{"name":"(anonymous_13)","decl":{"start":{"line":94,"column":25},"end":{"line":94,"column":38}},"loc":{"start":{"line":94,"column":48},"end":{"line":109,"column":5}},"line":94},"14":{"name":"(anonymous_14)","decl":{"start":{"line":111,"column":26},"end":{"line":111,"column":39}},"loc":{"start":{"line":111,"column":47},"end":{"line":113,"column":5}},"line":111},"15":{"name":"(anonymous_15)","decl":{"start":{"line":115,"column":25},"end":{"line":115,"column":38}},"loc":{"start":{"line":115,"column":46},"end":{"line":117,"column":5}},"line":115},"16":{"name":"(anonymous_16)","decl":{"start":{"line":119,"column":18},"end":{"line":119,"column":31}},"loc":{"start":{"line":119,"column":40},"end":{"line":121,"column":5}},"line":119},"17":{"name":"(anonymous_17)","decl":{"start":{"line":123,"column":26},"end":{"line":123,"column":39}},"loc":{"start":{"line":123,"column":51},"end":{"line":125,"column":5}},"line":123},"18":{"name":"(anonymous_18)","decl":{"start":{"line":128,"column":22},"end":{"line":128,"column":40}},"loc":{"start":{"line":128,"column":40},"end":{"line":132,"column":5}},"line":128},"19":{"name":"(anonymous_19)","decl":{"start":{"line":130,"column":7},"end":{"line":130,"column":15}},"loc":{"start":{"line":130,"column":25},"end":{"line":130,"column":69}},"line":130},"20":{"name":"(anonymous_20)","decl":{"start":{"line":131,"column":7},"end":{"line":131,"column":12}},"loc":{"start":{"line":131,"column":21},"end":{"line":131,"column":23}},"line":131},"21":{"name":"(anonymous_21)","decl":{"start":{"line":135,"column":29},"end":{"line":135,"column":47}},"loc":{"start":{"line":135,"column":47},"end":{"line":156,"column":5}},"line":135},"22":{"name":"(anonymous_22)","decl":{"start":{"line":137,"column":33},"end":{"line":137,"column":40}},"loc":{"start":{"line":137,"column":45},"end":{"line":137,"column":99}},"line":137},"23":{"name":"(anonymous_23)","decl":{"start":{"line":142,"column":11},"end":{"line":142,"column":19}},"loc":{"start":{"line":142,"column":24},"end":{"line":146,"column":5}},"line":142},"24":{"name":"(anonymous_24)","decl":{"start":{"line":153,"column":27},"end":{"line":153,"column":31}},"loc":{"start":{"line":153,"column":36},"end":{"line":153,"column":82}},"line":153},"25":{"name":"(anonymous_25)","decl":{"start":{"line":158,"column":16},"end":{"line":158,"column":31}},"loc":{"start":{"line":158,"column":31},"end":{"line":173,"column":6}},"line":158},"26":{"name":"useQueryStore","decl":{"start":{"line":201,"column":16},"end":{"line":201,"column":32}},"loc":{"start":{"line":201,"column":32},"end":{"line":205,"column":null}},"line":201}},"branchMap":{"0":{"loc":{"start":{"line":25,"column":2},"end":{"line":48,"column":null}},"type":"switch","locations":[{"start":{"line":26,"column":4},"end":{"line":31,"column":null}},{"start":{"line":32,"column":4},"end":{"line":33,"column":null}},{"start":{"line":34,"column":4},"end":{"line":35,"column":null}},{"start":{"line":36,"column":4},"end":{"line":37,"column":null}},{"start":{"line":38,"column":4},"end":{"line":39,"column":null}},{"start":{"line":40,"column":4},"end":{"line":41,"column":null}},{"start":{"line":42,"column":4},"end":{"line":43,"column":null}},{"start":{"line":44,"column":4},"end":{"line":45,"column":null}},{"start":{"line":46,"column":4},"end":{"line":47,"column":null}}],"line":25},"1":{"loc":{"start":{"line":27,"column":21},"end":{"line":29,"column":null}},"type":"cond-expr","locations":[{"start":{"line":28,"column":10},"end":{"line":28,"column":null}},{"start":{"line":29,"column":10},"end":{"line":29,"column":null}}],"line":27},"2":{"loc":{"start":{"line":58,"column":4},"end":{"line":62,"column":null}},"type":"if","locations":[{"start":{"line":58,"column":4},"end":{"line":62,"column":null}},{"start":{},"end":{}}],"line":58},"3":{"loc":{"start":{"line":67,"column":4},"end":{"line":78,"column":null}},"type":"if","locations":[{"start":{"line":67,"column":4},"end":{"line":78,"column":null}},{"start":{"line":76,"column":11},"end":{"line":78,"column":null}}],"line":67},"4":{"loc":{"start":{"line":98,"column":12},"end":{"line":98,"column":null}},"type":"binary-expr","locations":[{"start":{"line":98,"column":12},"end":{"line":98,"column":24}},{"start":{"line":98,"column":24},"end":{"line":98,"column":null}}],"line":98},"5":{"loc":{"start":{"line":99,"column":17},"end":{"line":99,"column":null}},"type":"binary-expr","locations":[{"start":{"line":99,"column":17},"end":{"line":99,"column":34}},{"start":{"line":99,"column":34},"end":{"line":99,"column":51}},{"start":{"line":99,"column":51},"end":{"line":99,"column":null}}],"line":99},"6":{"loc":{"start":{"line":100,"column":18},"end":{"line":100,"column":null}},"type":"binary-expr","locations":[{"start":{"line":100,"column":18},"end":{"line":100,"column":36}},{"start":{"line":100,"column":36},"end":{"line":100,"column":null}}],"line":100},"7":{"loc":{"start":{"line":101,"column":16},"end":{"line":101,"column":null}},"type":"binary-expr","locations":[{"start":{"line":101,"column":16},"end":{"line":101,"column":32}},{"start":{"line":101,"column":32},"end":{"line":101,"column":null}}],"line":101},"8":{"loc":{"start":{"line":102,"column":16},"end":{"line":102,"column":null}},"type":"binary-expr","locations":[{"start":{"line":102,"column":16},"end":{"line":102,"column":32}},{"start":{"line":102,"column":32},"end":{"line":102,"column":null}}],"line":102},"9":{"loc":{"start":{"line":103,"column":18},"end":{"line":103,"column":null}},"type":"binary-expr","locations":[{"start":{"line":103,"column":18},"end":{"line":103,"column":36}},{"start":{"line":103,"column":36},"end":{"line":103,"column":null}}],"line":103},"10":{"loc":{"start":{"line":104,"column":19},"end":{"line":104,"column":null}},"type":"binary-expr","locations":[{"start":{"line":104,"column":19},"end":{"line":104,"column":38}},{"start":{"line":104,"column":38},"end":{"line":104,"column":null}}],"line":104},"11":{"loc":{"start":{"line":106,"column":17},"end":{"line":106,"column":null}},"type":"binary-expr","locations":[{"start":{"line":106,"column":17},"end":{"line":106,"column":34}},{"start":{"line":106,"column":34},"end":{"line":106,"column":null}}],"line":106},"12":{"loc":{"start":{"line":130,"column":25},"end":{"line":130,"column":69}},"type":"binary-expr","locations":[{"start":{"line":130,"column":25},"end":{"line":130,"column":51}},{"start":{"line":130,"column":51},"end":{"line":130,"column":69}}],"line":130},"13":{"loc":{"start":{"line":143,"column":13},"end":{"line":143,"column":40}},"type":"binary-expr","locations":[{"start":{"line":143,"column":13},"end":{"line":143,"column":27}},{"start":{"line":143,"column":27},"end":{"line":143,"column":40}}],"line":143},"14":{"loc":{"start":{"line":143,"column":40},"end":{"line":143,"column":79}},"type":"binary-expr","locations":[{"start":{"line":143,"column":40},"end":{"line":143,"column":74}},{"start":{"line":143,"column":74},"end":{"line":143,"column":79}}],"line":143},"15":{"loc":{"start":{"line":143,"column":47},"end":{"line":143,"column":74}},"type":"binary-expr","locations":[{"start":{"line":143,"column":47},"end":{"line":143,"column":61}},{"start":{"line":143,"column":61},"end":{"line":143,"column":74}}],"line":143},"16":{"loc":{"start":{"line":144,"column":28},"end":{"line":144,"column":55}},"type":"binary-expr","locations":[{"start":{"line":144,"column":28},"end":{"line":144,"column":50}},{"start":{"line":144,"column":50},"end":{"line":144,"column":55}}],"line":144},"17":{"loc":{"start":{"line":145,"column":28},"end":{"line":145,"column":55}},"type":"binary-expr","locations":[{"start":{"line":145,"column":28},"end":{"line":145,"column":50}},{"start":{"line":145,"column":50},"end":{"line":145,"column":55}}],"line":145},"18":{"loc":{"start":{"line":203,"column":2},"end":{"line":203,"column":null}},"type":"if","locations":[{"start":{"line":203,"column":2},"end":{"line":203,"column":null}},{"start":{},"end":{}}],"line":203}},"s":{"0":1,"1":1,"2":1,"3":1,"4":7,"5":1,"6":0,"7":1,"8":1,"9":1,"10":1,"11":1,"12":1,"13":1,"14":0,"15":0,"16":8,"17":8,"18":8,"19":8,"20":1,"21":1,"22":1,"23":1,"24":8,"25":1,"26":1,"27":0,"28":0,"29":0,"30":1,"31":1,"32":1,"33":0,"34":8,"35":3,"36":8,"37":3,"38":8,"39":3,"40":8,"41":3,"42":81,"43":8,"44":1,"45":8,"46":1,"47":8,"48":1,"49":8,"50":1,"51":8,"52":1,"53":8,"54":1,"55":8,"56":0,"57":0,"58":0,"59":8,"60":8,"61":8,"62":285,"63":8,"64":8,"65":8,"66":8,"67":285,"68":285,"69":285,"70":8,"71":0,"72":8,"73":8,"74":8,"75":1,"76":11,"77":11,"78":2,"79":8},"f":{"0":7,"1":0,"2":8,"3":1,"4":1,"5":0,"6":1,"7":3,"8":3,"9":3,"10":3,"11":81,"12":1,"13":1,"14":1,"15":1,"16":1,"17":1,"18":0,"19":0,"20":0,"21":8,"22":285,"23":285,"24":0,"25":8,"26":11},"b":{"0":[1,1,1,1,1,1,1,0,0],"1":[0,1],"2":[1,0],"3":[1,0],"4":[1,0],"5":[1,0,0],"6":[1,0],"7":[1,0],"8":[1,0],"9":[1,0],"10":[1,0],"11":[1,0],"12":[0,0],"13":[285,0],"14":[285,63],"15":[285,0],"16":[285,70],"17":[285,35],"18":[2,9]},"meta":{"lastBranch":19,"lastFunction":27,"lastStatement":80,"seen":{"s:7:6:7:Infinity":0,"s:9:26:9:Infinity":1,"s:10:27:10:Infinity":2,"s:12:21:22:Infinity":3,"f:24:9:24:17":0,"b:26:4:31:Infinity:32:4:33:Infinity:34:4:35:Infinity:36:4:37:Infinity:38:4:39:Infinity:40:4:41:Infinity:42:4:43:Infinity:44:4:45:Infinity:46:4:47:Infinity":0,"s:25:2:48:Infinity":4,"s:27:21:29:Infinity":5,"b:28:10:28:Infinity:29:10:29:Infinity":1,"f:28:24:28:31":1,"s:28:36:28:101":6,"s:30:6:30:Infinity":7,"s:33:6:33:Infinity":8,"s:35:6:35:Infinity":9,"s:37:6:37:Infinity":10,"s:39:6:39:Infinity":11,"s:41:6:41:Infinity":12,"s:43:6:43:Infinity":13,"s:45:6:45:Infinity":14,"s:47:6:47:Infinity":15,"f:51:16:51:30":2,"s:52:16:52:Infinity":16,"s:53:8:53:Infinity":17,"s:54:8:54:Infinity":18,"s:57:2:63:Infinity":19,"f:57:2:57:18":3,"b:58:4:62:Infinity:undefined:undefined:undefined:undefined":2,"s:58:4:62:Infinity":20,"s:59:6:59:Infinity":21,"s:60:12:60:Infinity":22,"s:61:6:61:Infinity":23,"s:66:2:79:Infinity":24,"f:66:2:66:18":4,"b:67:4:78:Infinity:76:11:78:Infinity":3,"s:67:4:78:Infinity":25,"s:68:12:73:Infinity":26,"f:68:12:68:25":5,"s:69:14:69:Infinity":27,"s:70:8:70:Infinity":28,"s:72:8:72:Infinity":29,"s:74:6:74:Infinity":30,"s:75:6:75:Infinity":31,"f:75:6:75:19":6,"s:75:19:75:Infinity":32,"s:77:6:77:Infinity":33,"s:82:8:82:Infinity":34,"f:82:20:82:34":7,"s:82:20:82:67":35,"s:83:8:83:Infinity":36,"f:83:20:83:34":8,"s:83:20:83:78":37,"s:84:8:84:Infinity":38,"f:84:19:84:33":9,"s:84:19:84:65":39,"s:85:8:88:Infinity":40,"f:85:27:85:Infinity":10,"s:86:10:86:Infinity":41,"f:86:24:86:31":11,"s:86:36:86:100":42,"s:90:8:92:Infinity":43,"f:90:24:90:37":12,"s:91:4:91:Infinity":44,"s:94:8:109:Infinity":45,"f:94:25:94:38":13,"s:95:4:108:Infinity":46,"b:98:12:98:24:98:24:98:Infinity":4,"b:99:17:99:34:99:34:99:51:99:51:99:Infinity":5,"b:100:18:100:36:100:36:100:Infinity":6,"b:101:16:101:32:101:32:101:Infinity":7,"b:102:16:102:32:102:32:102:Infinity":8,"b:103:18:103:36:103:36:103:Infinity":9,"b:104:19:104:38:104:38:104:Infinity":10,"b:106:17:106:34:106:34:106:Infinity":11,"s:111:8:113:Infinity":47,"f:111:26:111:39":14,"s:112:4:112:Infinity":48,"s:115:8:117:Infinity":49,"f:115:25:115:38":15,"s:116:4:116:Infinity":50,"s:119:8:121:Infinity":51,"f:119:18:119:31":16,"s:120:4:120:Infinity":52,"s:123:8:125:Infinity":53,"f:123:26:123:39":17,"s:124:4:124:Infinity":54,"s:128:8:132:Infinity":55,"f:128:22:128:40":18,"s:129:4:131:Infinity":56,"f:130:7:130:15":19,"s:130:25:130:69":57,"b:130:25:130:51:130:51:130:69":12,"f:131:7:131:12":20,"s:131:21:131:23":58,"s:135:8:156:Infinity":59,"f:135:29:135:47":21,"s:136:16:136:Infinity":60,"s:137:19:137:Infinity":61,"f:137:33:137:40":22,"s:137:45:137:99":62,"s:138:19:138:Infinity":63,"s:139:21:139:Infinity":64,"s:140:19:140:Infinity":65,"s:142:4:146:Infinity":66,"f:142:11:142:19":23,"s:143:6:143:Infinity":67,"b:143:13:143:27:143:27:143:40":13,"b:143:40:143:74:143:74:143:79":14,"b:143:47:143:61:143:61:143:74":15,"s:144:6:144:Infinity":68,"b:144:28:144:50:144:50:144:55":16,"s:145:6:145:Infinity":69,"b:145:28:145:50:145:50:145:55":17,"s:148:4:155:Infinity":70,"f:153:27:153:31":24,"s:153:36:153:82":71,"s:158:8:187:Infinity":72,"f:158:16:158:31":25,"s:158:31:173:6":73,"s:189:2:192:Infinity":74,"s:196:0:198:Infinity":75,"f:201:16:201:32":26,"s:202:8:202:Infinity":76,"b:203:2:203:Infinity:undefined:undefined:undefined:undefined":18,"s:203:2:203:Infinity":77,"s:203:12:203:Infinity":78,"s:204:2:204:Infinity":79},"fnNames":{}}}
}
